  77000: system.l2: cmd: tag:0 	data:116 224 6 0 80 224 6 0 44 224 6 0 216 223 6 0 236 223 6 0 212 224 6 0 12 224 6 0 0 176 160 227 0 224 160 227 4 16 157 228 13 32 160 225 4 32 45 229 4 0 45 229 16 192 159 229 4 192 45 229 12 0 159 229  	set:19 	way:0 	size:64 
  87500: system.cpu.icache: cmd: tag:0 	data:116 224 6 0 80 224 6 0 44 224 6 0 216 223 6 0 236 223 6 0 212 224 6 0 12 224 6 0 0 176 160 227 0 224 160 227 4 16 157 228 13 32 160 225 4 32 45 229 4 0 45 229 16 192 159 229 4 192 45 229 12 0 159 229  	set:19 	way:0 	size:64 
 165000: system.l2: cmd: tag:7 	data:0 0 0 0 0 0 0 0 0 0 0 0 0 0 0 0 0 0 0 0 0 0 0 0 0 0 0 0 0 0 0 0 2 0 0 0 91 255 255 190 145 255 255 190 0 0 0 0 0 0 0 0 16 0 0 0 215 120 0 0 17 0 0 0  	set:634 	way:0 	size:64 
 175500: system.cpu.dcache: cmd: tag:15 	data:0 0 0 0 0 0 0 0 0 0 0 0 0 0 0 0 0 0 0 0 0 0 0 0 0 0 0 0 0 0 0 0 2 0 0 0 91 255 255 190 145 255 255 190 0 0 0 0 0 0 0 0 16 0 0 0 215 120 0 0 17 0 0 0  	set:122 	way:0 	size:64 
 178500: system.cpu.dcache: cmd: tag: 15  data: 164  set: 122  way: 0  size:  4 
 180500: system.cpu.dcache: cmd: tag: 15  data: 0  set: 122  way: 0  size:  4 
 249000: system.l2: cmd: tag:0 	data:12 48 159 229 228 49 0 235 71 71 0 235 84 212 1 0 192 1 1 0 180 211 1 0 20 48 159 229 20 32 159 229 3 48 143 224 2 32 147 231 0 0 82 227 30 255 47 1 0 0 160 225 216 74 8 0 128 0 0 0 24 0 159 229  	set:20 	way:0 	size:64 
 259500: system.cpu.dcache: cmd: tag:0 	data:12 48 159 229 228 49 0 235 71 71 0 235 84 212 1 0 192 1 1 0 180 211 1 0 20 48 159 229 20 32 159 229 3 48 143 224 2 32 147 231 0 0 82 227 30 255 47 1 0 0 160 225 216 74 8 0 128 0 0 0 24 0 159 229  	set:20 	way:0 	size:64 
 261500: system.cpu.dcache: cmd: tag: 15  data: 84  set: 122  way: 0  size:  4 
 277500: system.cpu.icache: cmd: tag:0 	data:12 48 159 229 228 49 0 235 71 71 0 235 84 212 1 0 192 1 1 0 180 211 1 0 20 48 159 229 20 32 159 229 3 48 143 224 2 32 147 231 0 0 82 227 30 255 47 1 0 0 160 225 216 74 8 0 128 0 0 0 24 0 159 229  	set:20 	way:0 	size:64 
 361000: system.l2: cmd: tag:0 	data:2 49 209 227 142 255 255 26 164 255 255 234 2 64 45 233 8 0 160 227 43 21 0 235 2 128 189 232 32 195 159 229 3 64 160 225 0 0 92 227 0 48 156 21 12 48 160 1 19 63 111 17 128 64 45 233 74 223 77 226 6 0 141 233  	set:818 	way:0 	size:64 
 371500: system.cpu.icache: cmd: tag:12 	data:2 49 209 227 142 255 255 26 164 255 255 234 2 64 45 233 8 0 160 227 43 21 0 235 2 128 189 232 32 195 159 229 3 64 160 225 0 0 92 227 0 48 156 21 12 48 160 1 19 63 111 17 128 64 45 233 74 223 77 226 6 0 141 233  	set:50 	way:0 	size:64 
 439000: system.l2: cmd: tag:0 	data:243 255 255 234 0 0 0 0 72 112 9 0 156 104 9 0 212 79 9 0 140 133 9 0 0 0 1 0 88 1 1 0 88 1 1 0 96 112 9 0 48 239 6 0 152 239 6 0 240 238 6 0 0 239 6 0 172 133 9 0 144 79 9 0  	set:831 	way:0 	size:64 
 449500: system.cpu.dcache: cmd: tag:1 	data:243 255 255 234 0 0 0 0 72 112 9 0 156 104 9 0 212 79 9 0 140 133 9 0 0 0 1 0 88 1 1 0 88 1 1 0 96 112 9 0 48 239 6 0 152 239 6 0 240 238 6 0 0 239 6 0 172 133 9 0 144 79 9 0  	set:319 	way:0 	size:64 
 456500: system.cpu.dcache: cmd: tag: 15  data: 0  set: 122  way: 0  size:  4 
 457500: system.cpu.dcache: cmd: tag: 15  data: 8  set: 122  way: 0  size:  4 
 527000: system.l2: cmd: tag:7 	data:0 0 0 0 0 0 0 0 0 0 0 0 0 0 0 0 0 0 0 0 0 0 0 0 0 0 0 0 0 0 0 0 0 0 0 0 0 0 0 0 0 0 0 0 0 0 0 0 0 0 0 0 0 0 0 0 0 0 0 0 0 0 0 0  	set:629 	way:0 	size:64 
 537500: system.cpu.dcache: cmd: tag:15 	data:0 0 0 0 0 0 0 0 0 0 0 0 0 0 0 0 0 0 0 0 0 0 0 0 0 0 0 0 0 0 0 0 0 0 0 0 0 0 0 0 0 0 0 0 0 0 0 0 0 0 0 0 0 0 0 0 0 0 0 0 0 0 0 0  	set:117 	way:0 	size:64 
 537500: system.cpu.dcache: cmd: tag: 15  data: 2  set: 117  way: 0  size:  4 
 538500: system.cpu.dcache: cmd: tag: 15  data: 164  set: 117  way: 0  size:  4 
 606000: system.l2: cmd: tag:0 	data:4 32 157 229 8 224 157 229 12 0 141 229 1 0 130 226 240 34 159 229 0 1 142 224 0 0 130 229 56 17 157 229 228 194 159 229 228 34 159 229 163 50 160 17 0 48 140 229 0 16 130 229 4 48 144 228 0 0 83 227 252 255 255 26  	set:819 	way:0 	size:64 
 616500: system.cpu.icache: cmd: tag:12 	data:4 32 157 229 8 224 157 229 12 0 141 229 1 0 130 226 240 34 159 229 0 1 142 224 0 0 130 229 56 17 157 229 228 194 159 229 228 34 159 229 163 50 160 17 0 48 140 229 0 16 130 229 4 48 144 228 0 0 83 227 252 255 255 26  	set:51 	way:0 	size:64 
 621500: system.cpu.dcache: cmd: tag: 15  data: 192  set: 117  way: 0  size:  4 
 708000: system.l2: cmd: tag:7 	data:0 0 0 0 0 0 0 0 0 0 0 0 0 0 0 0 0 0 0 0 0 0 0 0 0 0 0 0 0 0 0 0 0 0 0 0 0 0 0 0 0 0 0 0 0 0 0 0 0 0 0 0 0 0 0 0 0 0 0 0 0 0 0 0  	set:449 	way:0 	size:64 
 718500: system.cpu.dcache: cmd: tag:14 	data:0 0 0 0 0 0 0 0 0 0 0 0 0 0 0 0 0 0 0 0 0 0 0 0 0 0 0 0 0 0 0 0 0 0 0 0 0 0 0 0 0 0 0 0 0 0 0 0 0 0 0 0 0 0 0 0 0 0 0 0 0 0 0 0  	set:449 	way:0 	size:64 
 718500: system.cpu.dcache: cmd: tag: 14  data: 176  set: 449  way: 0  size:  4 
 794000: system.l2: cmd: tag:7 	data:0 0 0 0 128 101 9 0 96 232 6 0 0 0 0 0 1 0 0 0 254 255 255 255 112 101 9 0 1 0 0 0 140 22 7 0 172 21 7 0 1 0 0 0 255 255 255 127 188 21 7 0 0 0 0 0 0 0 0 0 0 0 0 0  	set:418 	way:0 	size:64 
 804500: system.cpu.dcache: cmd: tag:14 	data:0 0 0 0 128 101 9 0 96 232 6 0 0 0 0 0 1 0 0 0 254 255 255 255 112 101 9 0 1 0 0 0 140 22 7 0 172 21 7 0 1 0 0 0 255 255 255 127 188 21 7 0 0 0 0 0 0 0 0 0 0 0 0 0  	set:418 	way:0 	size:64 
 804500: system.cpu.dcache: cmd: tag: 14  data: 0  set: 418  way: 0  size:  4 
 887000: system.l2: cmd: tag:7 	data:0 0 0 0 0 0 0 0 0 0 0 0 0 0 0 0 0 0 0 0 0 0 0 0 1 0 0 0 0 0 0 1 0 0 0 0 0 0 0 0 0 0 0 0 0 0 0 0 0 0 0 0 0 0 0 0 0 0 0 0 0 0 0 0  	set:319 	way:0 	size:64 
 897500: system.cpu.dcache: cmd: tag:14 	data:0 0 0 0 0 0 0 0 0 0 0 0 0 0 0 0 0 0 0 0 0 0 0 0 1 0 0 0 0 0 0 1 0 0 0 0 0 0 0 0 0 0 0 0 0 0 0 0 0 0 0 0 0 0 0 0 0 0 0 0 0 0 0 0  	set:319 	way:1 	size:64 
 897500: system.cpu.dcache: cmd: tag: 14  data: 164  set: 319  way: 1  size:  4 
 969000: system.l2: cmd: tag:0 	data:130 113 0 235 200 50 159 229 200 34 159 229 0 48 147 229 0 0 82 227 19 63 111 225 1 16 160 227 2 16 160 1 163 50 160 225 1 0 19 225 20 0 0 26 224 116 0 235 144 50 159 229 160 82 159 229 0 0 147 229 245 111 0 235  	set:820 	way:0 	size:64 
 979500: system.cpu.icache: cmd: tag:12 	data:130 113 0 235 200 50 159 229 200 34 159 229 0 48 147 229 0 0 82 227 19 63 111 225 1 16 160 227 2 16 160 1 163 50 160 225 1 0 19 225 20 0 0 26 224 116 0 235 144 50 159 229 160 82 159 229 0 0 147 229 245 111 0 235  	set:52 	way:0 	size:64 
1061000: system.l2: cmd: tag:2 	data:48 0 149 232 48 0 129 232 236 255 255 234 160 75 9 0 0 48 144 229 160 36 159 229 0 0 83 227 0 0 130 229 30 255 47 1 0 32 160 227 240 79 45 233 140 148 159 229 140 20 159 229 0 144 153 229 100 208 77 226 56 144 141 229  	set:588 	way:0 	size:64 
1071500: system.cpu.icache: cmd: tag:41 	data:48 0 149 232 48 0 129 232 236 255 255 234 160 75 9 0 0 48 144 229 160 36 159 229 0 0 83 227 0 0 130 229 30 255 47 1 0 32 160 227 240 79 45 233 140 148 159 229 140 20 159 229 0 144 153 229 100 208 77 226 56 144 141 229  	set:12 	way:0 	size:64 
1141000: system.l2: cmd: tag:2 	data:1 48 160 227 28 48 141 229 4 48 16 229 0 0 83 227 27 255 255 26 68 255 255 234 0 48 144 229 8 0 128 226 16 48 141 229 1 48 160 227 20 48 141 229 4 48 16 229 0 0 83 227 18 255 255 26 59 255 255 234 120 133 9 0  	set:606 	way:0 	size:64 
1151500: system.cpu.dcache: cmd: tag:5 	data:1 48 160 227 28 48 141 229 4 48 16 229 0 0 83 227 27 255 255 26 68 255 255 234 0 48 144 229 8 0 128 226 16 48 141 229 1 48 160 227 20 48 141 229 4 48 16 229 0 0 83 227 18 255 255 26 59 255 255 234 120 133 9 0  	set:94 	way:0 	size:64 
1221000: system.l2: cmd: tag:7 	data:0 0 0 0 0 0 0 0 0 0 0 0 0 0 0 0 0 0 0 0 0 0 0 0 0 0 0 0 0 0 0 0 0 0 0 0 0 0 0 0 0 0 0 0 0 0 0 0 0 0 0 0 0 0 0 0 0 0 0 0 0 0 0 0  	set:533 	way:0 	size:64 
1231500: system.cpu.dcache: cmd: tag:15 	data:0 0 0 0 0 0 0 0 0 0 0 0 0 0 0 0 0 0 0 0 0 0 0 0 0 0 0 0 0 0 0 0 0 0 0 0 0 0 0 0 0 0 0 0 0 0 0 0 0 0 0 0 0 0 0 0 0 0 0 0 0 0 0 0  	set:21 	way:0 	size:64 
1231500: system.cpu.dcache: cmd: tag: 15  data: 180  set: 21  way: 0  size:  4 
1235500: system.cpu.dcache: cmd: tag: 15  data: 180  set: 117  way: 0  size:  4 
1236500: system.cpu.dcache: cmd: tag: 15  data: 0  set: 117  way: 0  size:  4 
1237500: system.cpu.dcache: cmd: tag: 15  data: 0  set: 117  way: 0  size:  4 
1238500: system.cpu.dcache: cmd: tag: 15  data: 0  set: 117  way: 0  size:  4 
1239500: system.cpu.dcache: cmd: tag: 15  data: 0  set: 117  way: 0  size:  4 
1240500: system.cpu.dcache: cmd: tag: 15  data: 0  set: 117  way: 0  size:  4 
1241500: system.cpu.dcache: cmd: tag: 15  data: 0  set: 117  way: 0  size:  4 
1242500: system.cpu.dcache: cmd: tag: 15  data: 0  set: 117  way: 0  size:  4 
1243500: system.cpu.dcache: cmd: tag: 15  data: 4  set: 117  way: 0  size:  4 
1312000: system.l2: cmd: tag:2 	data:160 133 9 0 80 112 9 0 144 79 9 0 216 79 9 0 196 133 9 0 120 101 9 0 152 133 9 0 124 133 9 0 172 133 9 0 140 133 9 0 240 71 45 233 16 208 77 226 87 165 0 235 8 120 159 229 8 136 159 229 8 104 159 229  	set:607 	way:0 	size:64 
1322500: system.cpu.dcache: cmd: tag:5 	data:160 133 9 0 80 112 9 0 144 79 9 0 216 79 9 0 196 133 9 0 120 101 9 0 152 133 9 0 124 133 9 0 172 133 9 0 140 133 9 0 240 71 45 233 16 208 77 226 87 165 0 235 8 120 159 229 8 136 159 229 8 104 159 229  	set:95 	way:0 	size:64 
1393000: system.l2: cmd: tag:7 	data:0 0 0 0 0 0 0 0 0 0 0 0 0 0 0 0 0 0 0 0 0 0 0 0 0 0 0 0 0 0 0 0 0 0 0 0 0 0 0 0 0 0 0 0 0 0 0 0 0 0 0 0 0 0 0 0 0 0 0 0 0 0 0 0  	set:534 	way:0 	size:64 
1403500: system.cpu.dcache: cmd: tag:15 	data:0 0 0 0 0 0 0 0 0 0 0 0 0 0 0 0 0 0 0 0 0 0 0 0 0 0 0 0 0 0 0 0 0 0 0 0 0 0 0 0 0 0 0 0 0 0 0 0 0 0 0 0 0 0 0 0 0 0 0 0 0 0 0 0  	set:22 	way:0 	size:64 
1473000: system.l2: cmd: tag:7 	data:0 0 0 0 0 0 0 0 0 0 0 0 0 0 0 0 0 0 0 0 0 0 0 0 0 0 0 0 0 0 0 0 0 0 0 0 0 0 0 0 0 0 0 0 0 0 0 0 0 0 0 0 0 0 0 0 0 0 0 0 0 0 0 0  	set:628 	way:0 	size:64 
1483500: system.cpu.dcache: cmd: tag:15 	data:0 0 0 0 0 0 0 0 0 0 0 0 0 0 0 0 0 0 0 0 0 0 0 0 0 0 0 0 0 0 0 0 0 0 0 0 0 0 0 0 0 0 0 0 0 0 0 0 0 0 0 0 0 0 0 0 0 0 0 0 0 0 0 0  	set:116 	way:0 	size:64 
1483500: system.cpu.dcache: cmd: tag: 15  data: 0  set: 116  way: 0  size:  4 
1551000: system.l2: cmd: tag:2 	data:0 144 145 229 2 128 160 225 88 144 141 229 4 144 145 229 2 80 160 225 2 224 160 225 2 64 160 225 2 192 160 225 92 144 141 229 8 144 145 229 88 180 159 229 48 144 141 229 16 144 145 229 80 116 159 229 80 144 141 229 20 144 145 229  	set:589 	way:0 	size:64 
1561500: system.cpu.icache: cmd: tag:41 	data:0 144 145 229 2 128 160 225 88 144 141 229 4 144 145 229 2 80 160 225 2 224 160 225 2 64 160 225 2 192 160 225 92 144 141 229 8 144 145 229 88 180 159 229 48 144 141 229 16 144 145 229 80 116 159 229 80 144 141 229 20 144 145 229  	set:13 	way:0 	size:64 
1565500: system.cpu.dcache: cmd: tag: 15  data: 0  set: 116  way: 0  size:  4 
1573500: system.cpu.dcache: cmd: tag: 15  data: 0  set: 116  way: 0  size:  4 
1579500: system.cpu.dcache: cmd: tag: 15  data: 0  set: 116  way: 0  size:  4 
1585500: system.cpu.dcache: cmd: tag: 15  data: 0  set: 116  way: 0  size:  4 
1655000: system.l2: cmd: tag:2 	data:72 100 159 229 84 144 141 229 0 144 155 229 64 164 159 229 76 144 141 229 0 144 151 229 68 32 141 229 64 144 141 229 0 144 150 229 60 32 141 229 72 144 141 229 36 148 159 229 52 32 141 229 0 144 153 229 44 32 141 229 8 144 141 229  	set:590 	way:0 	size:64 
1665500: system.cpu.icache: cmd: tag:41 	data:72 100 159 229 84 144 141 229 0 144 155 229 64 164 159 229 76 144 141 229 0 144 151 229 68 32 141 229 64 144 141 229 0 144 150 229 60 32 141 229 72 144 141 229 36 148 159 229 52 32 141 229 0 144 153 229 44 32 141 229 8 144 141 229  	set:14 	way:0 	size:64 
1668500: system.cpu.dcache: cmd: tag: 15  data: 0  set: 116  way: 0  size:  4 
1737000: system.l2: cmd: tag:7 	data:0 0 0 0 0 0 0 0 76 12 7 0 0 0 0 0 0 0 0 0 0 0 0 0 0 0 0 0 0 0 0 0 0 0 0 0 0 0 0 0 0 0 0 0 0 0 0 0 0 0 0 0 0 0 0 0 0 0 0 0 0 0 0 0  	set:318 	way:0 	size:64 
1747500: system.cpu.dcache: cmd: tag:14 	data:0 0 0 0 0 0 0 0 76 12 7 0 0 0 0 0 0 0 0 0 0 0 0 0 0 0 0 0 0 0 0 0 0 0 0 0 0 0 0 0 0 0 0 0 0 0 0 0 0 0 0 0 0 0 0 0 0 0 0 0 0 0 0 0  	set:318 	way:0 	size:64 
1751500: system.cpu.dcache: cmd: tag: 15  data: 0  set: 116  way: 0  size:  4 
1755500: system.cpu.dcache: cmd: tag: 15  data: 0  set: 116  way: 0  size:  4 
1757500: system.cpu.dcache: cmd: tag: 15  data: 1  set: 116  way: 0  size:  4 
1826000: system.l2: cmd: tag:7 	data:0 0 0 0 0 0 0 0 0 0 0 0 0 0 0 0 0 0 0 0 0 0 0 0 0 0 0 0 0 0 0 0 0 0 0 0 0 0 0 0 0 0 0 0 0 0 0 0 0 0 0 0 0 0 0 0 0 0 0 0 0 0 0 0  	set:535 	way:0 	size:64 
1836500: system.cpu.dcache: cmd: tag:15 	data:0 0 0 0 0 0 0 0 0 0 0 0 0 0 0 0 0 0 0 0 0 0 0 0 0 0 0 0 0 0 0 0 0 0 0 0 0 0 0 0 0 0 0 0 0 0 0 0 0 0 0 0 0 0 0 0 0 0 0 0 0 0 0 0  	set:23 	way:0 	size:64 
1838500: system.cpu.dcache: cmd: tag: 15  data: 0  set: 116  way: 0  size:  4 
1840500: system.cpu.dcache: cmd: tag: 15  data: 0  set: 116  way: 0  size:  4 
1844500: system.cpu.dcache: cmd: tag: 15  data: 0  set: 116  way: 0  size:  4 
1848500: system.cpu.dcache: cmd: tag: 15  data: 0  set: 116  way: 0  size:  4 
1917000: system.l2: cmd: tag:7 	data:0 0 0 0 0 0 0 0 0 0 0 0 0 0 0 0 0 0 0 0 0 0 0 0 0 0 0 0 0 0 0 0 0 0 0 0 0 0 0 0 0 0 0 0 0 0 0 0 0 0 0 0 0 0 0 0 0 0 0 0 0 0 0 0  	set:627 	way:0 	size:64 
1927500: system.cpu.dcache: cmd: tag:15 	data:0 0 0 0 0 0 0 0 0 0 0 0 0 0 0 0 0 0 0 0 0 0 0 0 0 0 0 0 0 0 0 0 0 0 0 0 0 0 0 0 0 0 0 0 0 0 0 0 0 0 0 0 0 0 0 0 0 0 0 0 0 0 0 0  	set:115 	way:0 	size:64 
1927500: system.cpu.dcache: cmd: tag: 15  data: 0  set: 115  way: 0  size:  4 
1995000: system.l2: cmd: tag:2 	data:20 148 159 229 40 32 141 229 0 144 153 229 36 32 141 229 28 32 141 229 20 32 141 229 12 32 141 229 32 144 141 229 0 144 154 229 4 0 128 226 4 144 141 229 236 147 159 229 0 144 153 229 24 144 141 229 228 147 159 229 0 144 153 229  	set:591 	way:0 	size:64 
2005500: system.cpu.icache: cmd: tag:41 	data:20 148 159 229 40 32 141 229 0 144 153 229 36 32 141 229 28 32 141 229 20 32 141 229 12 32 141 229 32 144 141 229 0 144 154 229 4 0 128 226 4 144 141 229 236 147 159 229 0 144 153 229 24 144 141 229 228 147 159 229 0 144 153 229  	set:15 	way:0 	size:64 
2008500: system.cpu.dcache: cmd: tag: 15  data: 0  set: 116  way: 0  size:  4 
2012500: system.cpu.dcache: cmd: tag: 15  data: 0  set: 116  way: 0  size:  4 
2014500: system.cpu.dcache: cmd: tag: 15  data: 0  set: 115  way: 0  size:  4 
2016500: system.cpu.dcache: cmd: tag: 15  data: 0  set: 115  way: 0  size:  4 
2018500: system.cpu.dcache: cmd: tag: 15  data: 0  set: 115  way: 0  size:  4 
2020500: system.cpu.dcache: cmd: tag: 15  data: 0  set: 116  way: 0  size:  4 
2089000: system.l2: cmd: tag:7 	data:0 0 0 0 1 0 0 0 0 0 0 0 0 0 0 0 255 255 255 255 1 0 0 0 0 52 3 0 255 255 255 255 152 32 3 0 88 37 3 0 72 29 3 0 255 255 255 255 96 232 6 0 96 232 6 0 0 16 0 0 0 0 0 0  	set:405 	way:0 	size:64 
2099500: system.cpu.dcache: cmd: tag:14 	data:0 0 0 0 1 0 0 0 0 0 0 0 0 0 0 0 255 255 255 255 1 0 0 0 0 52 3 0 255 255 255 255 152 32 3 0 88 37 3 0 72 29 3 0 255 255 255 255 96 232 6 0 96 232 6 0 0 16 0 0 0 0 0 0  	set:405 	way:0 	size:64 
2102500: system.cpu.dcache: cmd: tag: 15  data: 0  set: 115  way: 0  size:  4 
2108500: system.cpu.dcache: cmd: tag: 15  data: 0  set: 115  way: 0  size:  4 
2180000: system.l2: cmd: tag:2 	data:16 144 141 229 3 48 67 226 30 0 83 227 3 241 159 151 33 0 0 234 152 151 3 0 156 148 3 0 116 151 3 0 72 151 3 0 156 148 3 0 156 148 3 0 156 148 3 0 156 148 3 0 40 151 3 0 8 151 3 0 232 150 3 0  	set:592 	way:0 	size:64 
2190500: system.cpu.icache: cmd: tag:41 	data:16 144 141 229 3 48 67 226 30 0 83 227 3 241 159 151 33 0 0 234 152 151 3 0 156 148 3 0 116 151 3 0 72 151 3 0 156 148 3 0 156 148 3 0 156 148 3 0 156 148 3 0 40 151 3 0 8 151 3 0 232 150 3 0  	set:16 	way:0 	size:64 
2191500: system.cpu.dcache: cmd: tag: 15  data: 0  set: 115  way: 0  size:  4 
2262000: system.l2: cmd: tag:2 	data:200 150 3 0 164 150 3 0 120 150 3 0 84 150 3 0 48 150 3 0 156 148 3 0 156 148 3 0 156 148 3 0 156 148 3 0 4 150 3 0 156 148 3 0 144 148 3 0 216 149 3 0 156 148 3 0 156 148 3 0 156 148 3 0  	set:593 	way:0 	size:64 
2272500: system.cpu.dcache: cmd: tag:5 	data:200 150 3 0 164 150 3 0 120 150 3 0 84 150 3 0 48 150 3 0 156 148 3 0 156 148 3 0 156 148 3 0 156 148 3 0 4 150 3 0 156 148 3 0 144 148 3 0 216 149 3 0 156 148 3 0 156 148 3 0 156 148 3 0  	set:81 	way:0 	size:64 
2340000: system.l2: cmd: tag:2 	data:52 48 141 229 4 48 16 229 0 0 83 227 108 255 255 26 149 255 255 234 0 48 144 229 8 0 128 226 8 48 141 229 1 48 160 227 12 48 141 229 4 48 16 229 0 0 83 227 99 255 255 26 140 255 255 234 0 48 144 229 8 0 128 226  	set:601 	way:0 	size:64 
2350500: system.cpu.icache: cmd: tag:41 	data:52 48 141 229 4 48 16 229 0 0 83 227 108 255 255 26 149 255 255 234 0 48 144 229 8 0 128 226 8 48 141 229 1 48 160 227 12 48 141 229 4 48 16 229 0 0 83 227 99 255 255 26 140 255 255 234 0 48 144 229 8 0 128 226  	set:25 	way:0 	size:64 
2420000: system.l2: cmd: tag:2 	data:80 48 141 229 0 48 160 227 84 48 141 229 1 48 160 227 40 48 141 229 4 48 16 229 0 0 83 227 88 255 255 26 129 255 255 234 0 48 144 229 8 0 128 226 32 48 141 229 1 48 160 227 36 48 141 229 4 48 16 229 0 0 83 227  	set:602 	way:0 	size:64 
2430500: system.cpu.icache: cmd: tag:41 	data:80 48 141 229 0 48 160 227 84 48 141 229 1 48 160 227 40 48 141 229 4 48 16 229 0 0 83 227 88 255 255 26 129 255 255 234 0 48 144 229 8 0 128 226 32 48 141 229 1 48 160 227 36 48 141 229 4 48 16 229 0 0 83 227  	set:26 	way:0 	size:64 
2431500: system.cpu.dcache: cmd: tag: 15  data: 215  set: 116  way: 0  size:  4 
2434500: system.cpu.dcache: cmd: tag: 15  data: 0  set: 116  way: 0  size:  4 
2437500: system.cpu.dcache: cmd: tag: 15  data: 1  set: 116  way: 0  size:  4 
2514000: system.l2: cmd: tag:7 	data:100 0 0 0 23 0 0 0 0 0 0 0 25 0 0 0 71 255 255 190 31 0 0 0 198 255 255 190 15 0 0 0 87 255 255 190 6 0 0 0 0 16 0 0 3 0 0 0 52 0 1 0 4 0 0 0 32 0 0 0 5 0 0 0  	set:635 	way:0 	size:64 
2524500: system.cpu.dcache: cmd: tag:15 	data:100 0 0 0 23 0 0 0 0 0 0 0 25 0 0 0 71 255 255 190 31 0 0 0 198 255 255 190 15 0 0 0 87 255 255 190 6 0 0 0 0 16 0 0 3 0 0 0 52 0 1 0 4 0 0 0 32 0 0 0 5 0 0 0  	set:123 	way:0 	size:64 
2527500: system.cpu.dcache: cmd: tag: 15  data: 100  set: 115  way: 0  size:  4 
2530500: system.cpu.dcache: cmd: tag: 15  data: 1  set: 115  way: 0  size:  4 
2606000: system.l2: cmd: tag:2 	data:169 255 255 234 1 128 160 227 0 48 144 229 8 0 128 226 64 48 141 229 4 48 16 229 72 128 141 229 0 0 83 227 68 128 141 229 0 192 224 227 117 255 255 26 158 255 255 234 0 48 144 229 8 0 128 226 48 48 141 229 1 48 160 227  	set:600 	way:0 	size:64 
2616500: system.cpu.icache: cmd: tag:41 	data:169 255 255 234 1 128 160 227 0 48 144 229 8 0 128 226 64 48 141 229 4 48 16 229 72 128 141 229 0 0 83 227 68 128 141 229 0 192 224 227 117 255 255 26 158 255 255 234 0 48 144 229 8 0 128 226 48 48 141 229 1 48 160 227  	set:24 	way:0 	size:64 
2621500: system.cpu.dcache: cmd: tag: 15  data: 0  set: 116  way: 0  size:  4 
2625500: system.cpu.dcache: cmd: tag: 15  data: 1  set: 116  way: 0  size:  4 
2628500: system.cpu.dcache: cmd: tag: 15  data: 1  set: 116  way: 0  size:  4 
2702000: system.l2: cmd: tag:2 	data:156 148 3 0 156 148 3 0 156 148 3 0 180 149 3 0 1 32 160 227 0 48 144 229 76 48 141 229 8 0 128 226 4 48 16 229 0 0 83 227 213 255 255 26 0 0 85 227 4 48 157 21 0 48 138 21 12 48 157 229 0 0 83 227  	set:594 	way:0 	size:64 
2712500: system.cpu.icache: cmd: tag:41 	data:156 148 3 0 156 148 3 0 156 148 3 0 180 149 3 0 1 32 160 227 0 48 144 229 76 48 141 229 8 0 128 226 4 48 16 229 0 0 83 227 213 255 255 26 0 0 85 227 4 48 157 21 0 48 138 21 12 48 157 229 0 0 83 227  	set:18 	way:0 	size:64 
2716500: system.cpu.dcache: cmd: tag: 15  data: 71  set: 116  way: 0  size:  4 
2738500: system.cpu.dcache: cmd: tag:5 	data:156 148 3 0 156 148 3 0 156 148 3 0 180 149 3 0 1 32 160 227 0 48 144 229 76 48 141 229 8 0 128 226 4 48 16 229 0 0 83 227 213 255 255 26 0 0 85 227 4 48 157 21 0 48 138 21 12 48 157 229 0 0 83 227  	set:82 	way:0 	size:64 
2752500: system.cpu.dcache: cmd: tag: 15  data: 87  set: 116  way: 0  size:  4 
2755500: system.cpu.dcache: cmd: tag: 15  data: 1  set: 116  way: 0  size:  4 
2826000: system.l2: cmd: tag:2 	data:79 255 255 26 120 255 255 234 0 48 144 229 8 0 128 226 3 224 46 224 4 48 16 229 8 192 140 227 0 0 83 227 71 255 255 26 112 255 255 234 0 48 144 229 8 0 128 226 3 224 46 224 4 48 16 229 4 192 140 227 0 0 83 227  	set:603 	way:0 	size:64 
2836500: system.cpu.icache: cmd: tag:41 	data:79 255 255 26 120 255 255 234 0 48 144 229 8 0 128 226 3 224 46 224 4 48 16 229 8 192 140 227 0 0 83 227 71 255 255 26 112 255 255 234 0 48 144 229 8 0 128 226 3 224 46 224 4 48 16 229 4 192 140 227 0 0 83 227  	set:27 	way:0 	size:64 
2853500: system.cpu.dcache: cmd: tag:5 	data:16 144 141 229 3 48 67 226 30 0 83 227 3 241 159 151 33 0 0 234 152 151 3 0 156 148 3 0 116 151 3 0 72 151 3 0 156 148 3 0 156 148 3 0 156 148 3 0 156 148 3 0 40 151 3 0 8 151 3 0 232 150 3 0  	set:80 	way:0 	size:64 
2921000: system.l2: cmd: tag:2 	data:47 255 255 26 88 255 255 234 0 48 144 229 4 144 157 229 0 0 83 227 3 144 160 17 8 0 128 226 4 48 16 229 1 80 160 19 0 0 83 227 4 144 141 229 36 255 255 26 77 255 255 234 0 48 144 229 8 0 128 226 24 48 141 229  	set:605 	way:0 	size:64 
2931500: system.cpu.icache: cmd: tag:41 	data:47 255 255 26 88 255 255 234 0 48 144 229 4 144 157 229 0 0 83 227 3 144 160 17 8 0 128 226 4 48 16 229 1 80 160 19 0 0 83 227 4 144 141 229 36 255 255 26 77 255 255 234 0 48 144 229 8 0 128 226 24 48 141 229  	set:29 	way:0 	size:64 
2943500: system.cpu.dcache: cmd: tag: 15  data: 0  set: 115  way: 0  size:  4 
2962500: system.cpu.icache: cmd: tag:41 	data:1 48 160 227 28 48 141 229 4 48 16 229 0 0 83 227 27 255 255 26 68 255 255 234 0 48 144 229 8 0 128 226 16 48 141 229 1 48 160 227 20 48 141 229 4 48 16 229 0 0 83 227 18 255 255 26 59 255 255 234 120 133 9 0  	set:30 	way:0 	size:64 
2966500: system.cpu.dcache: cmd: tag: 15  data: 52  set: 115  way: 0  size:  4 
2969500: system.cpu.dcache: cmd: tag: 15  data: 1  set: 115  way: 0  size:  4 
3055000: system.l2: cmd: tag:7 	data:7 0 0 0 7 0 0 0 0 0 0 0 8 0 0 0 0 0 0 0 9 0 0 0 220 4 1 0 11 0 0 0 100 0 0 0 12 0 0 0 100 0 0 0 13 0 0 0 100 0 0 0 14 0 0 0 100 0 0 0 0 0 0 0  	set:636 	way:0 	size:64 
3065500: system.cpu.dcache: cmd: tag:15 	data:7 0 0 0 7 0 0 0 0 0 0 0 8 0 0 0 0 0 0 0 9 0 0 0 220 4 1 0 11 0 0 0 100 0 0 0 12 0 0 0 100 0 0 0 13 0 0 0 100 0 0 0 14 0 0 0 100 0 0 0 0 0 0 0  	set:124 	way:0 	size:64 
3068500: system.cpu.dcache: cmd: tag: 15  data: 7  set: 115  way: 0  size:  4 
3071500: system.cpu.dcache: cmd: tag: 15  data: 1  set: 115  way: 0  size:  4 
3174000: system.l2: cmd: tag:2 	data:63 255 255 26 104 255 255 234 0 48 144 229 8 0 128 226 3 64 36 224 4 48 16 229 2 192 140 227 0 0 83 227 55 255 255 26 96 255 255 234 0 48 144 229 8 0 128 226 3 64 36 224 4 48 16 229 1 192 140 227 0 0 83 227  	set:604 	way:0 	size:64 
3184500: system.cpu.icache: cmd: tag:41 	data:63 255 255 26 104 255 255 234 0 48 144 229 8 0 128 226 3 64 36 224 4 48 16 229 2 192 140 227 0 0 83 227 55 255 255 26 96 255 255 234 0 48 144 229 8 0 128 226 3 64 36 224 4 48 16 229 1 192 140 227 0 0 83 227  	set:28 	way:0 	size:64 
3237500: system.cpu.dcache: cmd: tag: 14  data: 0  set: 405  way: 0  size:  4 
3308000: system.l2: cmd: tag:2 	data:16 3 159 21 8 48 157 21 0 48 128 21 20 48 157 229 0 0 83 227 16 0 157 21 4 51 159 21 0 0 131 21 28 48 157 229 0 0 83 227 24 0 157 21 236 50 159 21 0 0 131 21 36 48 157 229 0 0 83 227 216 50 159 21  	set:595 	way:0 	size:64 
3318500: system.cpu.icache: cmd: tag:41 	data:16 3 159 21 8 48 157 21 0 48 128 21 20 48 157 229 0 0 83 227 16 0 157 21 4 51 159 21 0 0 131 21 28 48 157 229 0 0 83 227 24 0 157 21 236 50 159 21 0 0 131 21 36 48 157 229 0 0 83 227 216 50 159 21  	set:19 	way:1 	size:64 
3323500: system.cpu.dcache: cmd: tag: 15  data: 100  set: 22  way: 0  size:  4 
3332500: system.cpu.dcache: cmd: tag: 15  data: 52  set: 22  way: 0  size:  4 
3341500: system.cpu.dcache: cmd: tag: 15  data: 7  set: 22  way: 0  size:  4 
3422000: system.l2: cmd: tag:2 	data:32 0 157 21 0 0 131 21 40 48 157 229 0 0 83 227 80 48 157 21 16 48 129 21 84 48 157 21 20 48 129 21 44 48 157 229 0 0 83 227 88 48 157 21 0 48 129 21 92 48 157 21 4 48 129 21 52 48 157 229 0 0 83 227  	set:596 	way:0 	size:64 
3432500: system.cpu.icache: cmd: tag:41 	data:32 0 157 21 0 0 131 21 40 48 157 229 0 0 83 227 80 48 157 21 16 48 129 21 84 48 157 21 20 48 129 21 44 48 157 229 0 0 83 227 88 48 157 21 0 48 129 21 92 48 157 21 4 48 129 21 52 48 157 229 0 0 83 227  	set:20 	way:1 	size:64 
3435500: system.cpu.dcache: cmd: tag: 15  data: 87  set: 21  way: 0  size:  4 
3442500: system.cpu.dcache: cmd: tag: 14  data: 215  set: 449  way: 0  size:  4 
3446500: system.cpu.dcache: cmd: tag: 14  data: 0  set: 449  way: 0  size:  4 
3524000: system.l2: cmd: tag:2 	data:48 48 157 21 8 48 129 21 60 48 157 229 0 0 83 227 104 50 159 21 56 16 157 21 0 16 131 21 68 48 157 229 0 0 83 227 64 48 157 21 0 48 135 21 0 0 88 227 72 48 157 21 0 48 134 21 0 0 82 227 76 48 157 21  	set:597 	way:0 	size:64 
3534500: system.cpu.icache: cmd: tag:41 	data:48 48 157 21 8 48 129 21 60 48 157 229 0 0 83 227 104 50 159 21 56 16 157 21 0 16 131 21 68 48 157 229 0 0 83 227 64 48 157 21 0 48 135 21 0 0 88 227 72 48 157 21 0 48 134 21 0 0 82 227 76 48 157 21  	set:21 	way:0 	size:64 
3548500: system.cpu.dcache: cmd: tag: 14  data: 0  set: 319  way: 1  size:  4 
3553500: system.cpu.dcache: cmd: tag: 15  data: 1  set: 23  way: 0  size:  4 
3624000: system.l2: cmd: tag:2 	data:0 48 139 21 15 0 92 227 1 0 0 10 100 208 141 226 240 143 189 232 14 48 148 225 1 32 160 19 0 32 160 3 1 48 160 227 0 32 135 229 0 48 134 229 100 208 141 226 240 143 189 232 0 48 144 229 8 0 128 226 56 48 141 229  	set:598 	way:0 	size:64 
3634500: system.cpu.icache: cmd: tag:41 	data:0 48 139 21 15 0 92 227 1 0 0 10 100 208 141 226 240 143 189 232 14 48 148 225 1 32 160 19 0 32 160 3 1 48 160 227 0 32 135 229 0 48 134 229 100 208 141 226 240 143 189 232 0 48 144 229 8 0 128 226 56 48 141 229  	set:22 	way:0 	size:64 
3635500: system.cpu.dcache: cmd: tag: 14  data: 71  set: 318  way: 0  size:  4 
3740000: system.l2: cmd: tag:2 	data:100 133 9 0 81 229 116 100 176 15 7 0 116 16 7 0 160 14 7 0 176 14 7 0 92 16 7 0 200 14 7 0 124 15 7 0 220 14 7 0 248 14 7 0 72 15 7 0 236 15 7 0 72 48 159 229 0 48 147 229 0 0 83 227  	set:642 	way:0 	size:64 
3750500: system.cpu.icache: cmd: tag:42 	data:100 133 9 0 81 229 116 100 176 15 7 0 116 16 7 0 160 14 7 0 176 14 7 0 92 16 7 0 200 14 7 0 124 15 7 0 220 14 7 0 248 14 7 0 72 15 7 0 236 15 7 0 72 48 159 229 0 48 147 229 0 0 83 227  	set:2 	way:0 	size:64 
3818000: system.l2: cmd: tag:2 	data:246 255 255 234 196 133 9 0 216 79 9 0 4 224 45 229 0 16 160 225 14 0 160 225 4 224 157 228 76 160 0 234 28 48 159 229 4 224 45 229 0 48 147 229 0 0 83 227 4 240 157 4 0 16 160 225 14 0 160 225 4 224 157 228  	set:644 	way:0 	size:64 
3828500: system.cpu.dcache: cmd: tag:5 	data:246 255 255 234 196 133 9 0 216 79 9 0 4 224 45 229 0 16 160 225 14 0 160 225 4 224 157 228 76 160 0 234 28 48 159 229 4 224 45 229 0 48 147 229 0 0 83 227 4 240 157 4 0 16 160 225 14 0 160 225 4 224 157 228  	set:132 	way:0 	size:64 
3899000: system.l2: cmd: tag:2 	data:30 255 47 17 16 64 45 233 236 122 0 235 0 64 160 225 226 122 0 235 0 0 84 225 1 0 160 19 2 0 0 10 32 48 159 229 0 0 131 229 16 128 189 232 243 122 0 235 0 64 160 225 233 122 0 235 0 0 84 224 1 0 160 19  	set:643 	way:0 	size:64 
3909500: system.cpu.icache: cmd: tag:42 	data:30 255 47 17 16 64 45 233 236 122 0 235 0 64 160 225 226 122 0 235 0 0 84 225 1 0 160 19 2 0 0 10 32 48 159 229 0 0 131 229 16 128 189 232 243 122 0 235 0 64 160 225 233 122 0 235 0 0 84 224 1 0 160 19  	set:3 	way:0 	size:64 
3984000: system.l2: cmd: tag:2 	data:16 128 189 232 8 48 159 229 128 1 96 224 128 1 131 224 169 255 255 234 160 75 9 0 240 79 45 233 72 53 159 229 20 208 77 226 0 48 147 229 0 176 160 225 0 0 83 227 5 0 0 10 52 5 159 229 0 16 160 227 33 112 160 227  	set:564 	way:0 	size:64 
3994500: system.cpu.icache: cmd: tag:40 	data:16 128 189 232 8 48 159 229 128 1 96 224 128 1 131 224 169 255 255 234 160 75 9 0 240 79 45 233 72 53 159 229 20 208 77 226 0 48 147 229 0 176 160 225 0 0 83 227 5 0 0 10 52 5 159 229 0 16 160 227 33 112 160 227  	set:52 	way:1 	size:64 
3995500: system.cpu.dcache: cmd: tag: 15  data: 180  set: 117  way: 0  size:  4 
3996500: system.cpu.dcache: cmd: tag: 15  data: 88  set: 117  way: 0  size:  4 
3997500: system.cpu.dcache: cmd: tag: 15  data: 0  set: 117  way: 0  size:  4 
3998500: system.cpu.dcache: cmd: tag: 15  data: 0  set: 117  way: 0  size:  4 
3999500: system.cpu.dcache: cmd: tag: 15  data: 0  set: 117  way: 0  size:  4 
4000500: system.cpu.dcache: cmd: tag: 15  data: 0  set: 117  way: 0  size:  4 
4001500: system.cpu.dcache: cmd: tag: 15  data: 0  set: 117  way: 0  size:  4 
4002500: system.cpu.dcache: cmd: tag: 15  data: 0  set: 117  way: 0  size:  4 
4003500: system.cpu.dcache: cmd: tag: 15  data: 64  set: 117  way: 0  size:  4 
4072000: system.l2: cmd: tag:2 	data:251 255 255 26 0 32 160 227 0 32 193 229 36 32 159 229 14 48 64 224 131 49 130 224 44 48 147 229 0 80 160 227 213 255 255 234 0 144 198 229 186 255 255 234 216 79 9 0 164 9 7 0 149 9 7 0 160 75 9 0 136 192 159 229  	set:585 	way:0 	size:64 
4082500: system.cpu.dcache: cmd: tag:5 	data:251 255 255 26 0 32 160 227 0 32 193 229 36 32 159 229 14 48 64 224 131 49 130 224 44 48 147 229 0 80 160 227 213 255 255 234 0 144 198 229 186 255 255 234 216 79 9 0 164 9 7 0 149 9 7 0 160 75 9 0 136 192 159 229  	set:73 	way:0 	size:64 
4156000: system.l2: cmd: tag:2 	data:0 0 0 239 1 10 112 227 6 1 0 154 0 0 91 227 80 0 0 10 0 80 155 229 0 0 85 227 77 0 0 10 0 0 213 229 4 64 139 226 61 0 80 227 0 0 80 19 1 96 160 19 0 96 160 3 0 48 160 1 7 0 0 10  	set:565 	way:0 	size:64 
4166500: system.cpu.icache: cmd: tag:40 	data:0 0 0 239 1 10 112 227 6 1 0 154 0 0 91 227 80 0 0 10 0 80 155 229 0 0 85 227 77 0 0 10 0 0 213 229 4 64 139 226 61 0 80 227 0 0 80 19 1 96 160 19 0 96 160 3 0 48 160 1 7 0 0 10  	set:53 	way:0 	size:64 
4239000: system.l2: cmd: tag:2 	data:18 0 92 227 56 0 128 226 222 255 255 26 4 176 160 225 0 0 91 227 174 255 255 26 20 208 141 226 240 143 189 232 61 0 82 227 244 255 255 26 0 0 86 227 4 0 0 10 44 48 144 229 0 0 83 227 123 0 0 10 2 0 83 227  	set:570 	way:0 	size:64 
4249500: system.cpu.icache: cmd: tag:40 	data:18 0 92 227 56 0 128 226 222 255 255 26 4 176 160 225 0 0 91 227 174 255 255 26 20 208 141 226 240 143 189 232 61 0 82 227 244 255 255 26 0 0 86 227 4 0 0 10 44 48 144 229 0 0 83 227 123 0 0 10 2 0 83 227  	set:58 	way:0 	size:64 
4323000: system.l2: cmd: tag:0 	data:152 114 159 229 152 98 159 229 4 0 0 234 0 48 152 229 0 0 150 229 51 255 47 225 8 80 133 226 0 0 136 229 7 0 85 225 22 0 0 42 4 48 213 229 0 128 149 229 160 0 83 227 244 255 255 10 104 2 159 229 251 41 0 235  	set:821 	way:0 	size:64 
4333500: system.cpu.icache: cmd: tag:12 	data:152 114 159 229 152 98 159 229 4 0 0 234 0 48 152 229 0 0 150 229 51 255 47 225 8 80 133 226 0 0 136 229 7 0 85 225 22 0 0 42 4 48 213 229 0 128 149 229 160 0 83 227 244 255 255 10 104 2 159 229 251 41 0 235  	set:53 	way:1 	size:64 
4407000: system.l2: cmd: tag:0 	data:217 255 255 234 210 0 0 235 44 34 159 229 248 49 159 229 0 32 146 229 0 16 147 229 1 0 210 229 0 48 210 229 0 0 81 227 2 16 210 229 0 52 131 225 3 32 210 229 1 56 131 225 2 60 131 225 0 34 159 229 255 48 195 227  	set:823 	way:0 	size:64 
4417500: system.cpu.icache: cmd: tag:12 	data:217 255 255 234 210 0 0 235 44 34 159 229 248 49 159 229 0 32 146 229 0 16 147 229 1 0 210 229 0 48 210 229 0 0 81 227 2 16 210 229 0 52 131 225 3 32 210 229 1 56 131 225 2 60 131 225 0 34 159 229 255 48 195 227  	set:55 	way:0 	size:64 
4485000: system.l2: cmd: tag:0 	data:16 64 189 232 2 25 160 227 2 0 160 227 195 255 255 234 1 128 0 0 240 79 45 233 64 50 159 229 64 34 159 229 0 48 147 229 28 208 77 226 0 0 83 227 0 80 146 229 122 0 0 10 44 34 159 229 0 16 146 229 129 18 131 224  	set:836 	way:0 	size:64 
4495500: system.cpu.icache: cmd: tag:13 	data:16 64 189 232 2 25 160 227 2 0 160 227 195 255 255 234 1 128 0 0 240 79 45 233 64 50 159 229 64 34 159 229 0 48 147 229 28 208 77 226 0 0 83 227 0 80 146 229 122 0 0 10 44 34 159 229 0 16 146 229 129 18 131 224  	set:4 	way:0 	size:64 
4496500: system.cpu.dcache: cmd: tag: 15  data: 180  set: 117  way: 0  size:  4 
4497500: system.cpu.dcache: cmd: tag: 15  data: 88  set: 117  way: 0  size:  4 
4498500: system.cpu.dcache: cmd: tag: 15  data: 96  set: 117  way: 0  size:  4 
4499500: system.cpu.dcache: cmd: tag: 15  data: 88  set: 117  way: 0  size:  4 
4500500: system.cpu.dcache: cmd: tag: 15  data: 0  set: 117  way: 0  size:  4 
4501500: system.cpu.dcache: cmd: tag: 15  data: 0  set: 117  way: 0  size:  4 
4502500: system.cpu.dcache: cmd: tag: 15  data: 0  set: 117  way: 0  size:  4 
4503500: system.cpu.dcache: cmd: tag: 15  data: 0  set: 117  way: 0  size:  4 
4504500: system.cpu.dcache: cmd: tag: 15  data: 200  set: 117  way: 0  size:  4 
4573000: system.l2: cmd: tag:0 	data:0 160 100 226 1 176 68 226 12 64 141 229 148 255 255 234 8 128 160 227 15 176 160 227 8 32 160 225 158 255 255 234 140 133 9 0 56 104 9 0 172 133 9 0 148 92 9 0 32 131 9 0 5 0 15 0 196 239 6 0 28 131 9 0  	set:845 	way:0 	size:64 
4583500: system.cpu.dcache: cmd: tag:1 	data:0 160 100 226 1 176 68 226 12 64 141 229 148 255 255 234 8 128 160 227 15 176 160 227 8 32 160 225 158 255 255 234 140 133 9 0 56 104 9 0 172 133 9 0 148 92 9 0 32 131 9 0 5 0 15 0 196 239 6 0 28 131 9 0  	set:333 	way:0 	size:64 
4658000: system.l2: cmd: tag:7 	data:0 0 0 0 1 0 0 0 0 0 0 0 0 0 0 0 212 47 6 0 3 0 0 0 2 0 0 0 192 235 5 0 40 104 9 0 1 0 0 0 128 101 9 0 0 0 0 0 1 0 0 0 0 0 0 0 128 101 9 0 1 0 0 0  	set:416 	way:0 	size:64 
4668500: system.cpu.dcache: cmd: tag:14 	data:0 0 0 0 1 0 0 0 0 0 0 0 0 0 0 0 212 47 6 0 3 0 0 0 2 0 0 0 192 235 5 0 40 104 9 0 1 0 0 0 128 101 9 0 0 0 0 0 1 0 0 0 0 0 0 0 128 101 9 0 1 0 0 0  	set:416 	way:0 	size:64 
4742000: system.l2: cmd: tag:0 	data:1 0 83 225 3 0 0 58 28 0 0 234 32 48 131 226 1 0 83 225 25 0 0 42 0 32 147 229 7 0 82 227 249 255 255 26 28 64 147 229 8 32 147 229 0 16 149 229 20 144 147 229 16 48 147 229 2 32 129 224 16 0 84 227  	set:837 	way:0 	size:64 
4752500: system.cpu.icache: cmd: tag:13 	data:1 0 83 225 3 0 0 58 28 0 0 234 32 48 131 226 1 0 83 225 25 0 0 42 0 32 147 229 7 0 82 227 249 255 255 26 28 64 147 229 8 32 147 229 0 16 149 229 20 144 147 229 16 48 147 229 2 32 129 224 16 0 84 227  	set:5 	way:0 	size:64 
4822000: system.l2: cmd: tag:0 	data:127 69 76 70 1 1 1 0 0 0 0 0 0 0 0 0 2 0 40 0 1 0 0 0 220 4 1 0 52 0 0 0 208 225 10 0 0 2 0 5 52 0 32 0 7 0 40 0 38 0 37 0 1 0 0 112 108 56 7 0 108 56 8 0  	set:0 	way:0 	size:64 
4832500: system.cpu.dcache: cmd: tag:0 	data:127 69 76 70 1 1 1 0 0 0 0 0 0 0 0 0 2 0 40 0 1 0 0 0 220 4 1 0 52 0 0 0 208 225 10 0 0 2 0 5 52 0 32 0 7 0 40 0 38 0 37 0 1 0 0 112 108 56 7 0 108 56 8 0  	set:0 	way:0 	size:64 
4906000: system.l2: cmd: tag:0 	data:108 56 8 0 176 5 0 0 176 5 0 0 4 0 0 0 4 0 0 0 1 0 0 0 0 0 0 0 0 0 1 0 0 0 1 0 32 62 7 0 32 62 7 0 5 0 0 0 0 0 1 0 1 0 0 0 124 75 7 0 124 75 9 0  	set:1 	way:0 	size:64 
4916500: system.cpu.dcache: cmd: tag:0 	data:108 56 8 0 176 5 0 0 176 5 0 0 4 0 0 0 4 0 0 0 1 0 0 0 0 0 0 0 0 0 1 0 0 0 1 0 32 62 7 0 32 62 7 0 5 0 0 0 0 0 1 0 1 0 0 0 124 75 7 0 124 75 9 0  	set:1 	way:0 	size:64 
4997000: system.l2: cmd: tag:0 	data:124 75 9 0 100 31 0 0 188 58 0 0 6 0 0 0 0 0 1 0 4 0 0 0 20 1 0 0 20 1 1 0 20 1 1 0 68 0 0 0 68 0 0 0 4 0 0 0 4 0 0 0 7 0 0 0 124 75 7 0 124 75 9 0  	set:2 	way:0 	size:64 
5007500: system.cpu.dcache: cmd: tag:0 	data:124 75 9 0 100 31 0 0 188 58 0 0 6 0 0 0 0 0 1 0 4 0 0 0 20 1 0 0 20 1 1 0 20 1 1 0 68 0 0 0 68 0 0 0 4 0 0 0 4 0 0 0 7 0 0 0 124 75 7 0 124 75 9 0  	set:2 	way:0 	size:64 
5085000: system.l2: cmd: tag:0 	data:124 75 9 0 16 0 0 0 48 0 0 0 4 0 0 0 4 0 0 0 81 229 116 100 0 0 0 0 0 0 0 0 0 0 0 0 0 0 0 0 0 0 0 0 6 0 0 0 16 0 0 0 82 229 116 100 124 75 7 0 124 75 9 0  	set:3 	way:0 	size:64 
5095500: system.cpu.dcache: cmd: tag:0 	data:124 75 9 0 16 0 0 0 48 0 0 0 4 0 0 0 4 0 0 0 81 229 116 100 0 0 0 0 0 0 0 0 0 0 0 0 0 0 0 0 0 0 0 0 6 0 0 0 16 0 0 0 82 229 116 100 124 75 7 0 124 75 9 0  	set:3 	way:0 	size:64 
5166000: system.l2: cmd: tag:7 	data:0 0 0 0 96 232 6 0 0 0 0 0 0 0 0 0 0 0 0 0 128 101 9 0 0 0 0 0 136 104 9 0 0 0 0 0 0 0 0 0 0 0 0 0 0 0 0 0 0 0 0 0 0 0 0 0 0 0 0 0 0 0 0 0  	set:406 	way:0 	size:64 
5176500: system.cpu.dcache: cmd: tag:14 	data:0 0 0 0 96 232 6 0 0 0 0 0 0 0 0 0 0 0 0 0 128 101 9 0 0 0 0 0 136 104 9 0 0 0 0 0 0 0 0 0 0 0 0 0 0 0 0 0 0 0 0 0 0 0 0 0 0 0 0 0 0 0 0 0  	set:406 	way:0 	size:64 
5250000: system.l2: cmd: tag:0 	data:8 32 141 229 4 48 141 229 108 0 0 138 0 0 84 227 110 0 0 10 16 48 160 227 15 176 160 227 15 160 224 227 12 48 141 229 4 16 160 225 7 0 132 226 138 55 1 235 148 0 8 224 16 64 141 229 8 32 160 225 11 0 0 234  	set:838 	way:0 	size:64 
5260500: system.cpu.icache: cmd: tag:13 	data:8 32 141 229 4 48 141 229 108 0 0 138 0 0 84 227 110 0 0 10 16 48 160 227 15 176 160 227 15 160 224 227 12 48 141 229 4 16 160 225 7 0 132 226 138 55 1 235 148 0 8 224 16 64 141 229 8 32 160 225 11 0 0 234  	set:6 	way:0 	size:64 
5261500: system.cpu.dcache: cmd: tag: 15  data: 124  set: 116  way: 0  size:  4 
5263500: system.cpu.dcache: cmd: tag: 15  data: 16  set: 116  way: 0  size:  4 
5271500: system.cpu.dcache: cmd: tag: 15  data: 16  set: 116  way: 0  size:  4 
5356000: system.l2: cmd: tag:5 	data:4 224 45 229 12 208 77 226 0 48 160 227 0 192 141 229 36 255 255 235 12 208 141 226 4 240 157 228 1 32 81 226 30 255 47 1 116 0 0 58 1 0 80 225 107 0 0 154 2 0 17 225 108 0 0 10 16 63 111 225 17 47 111 225  	set:703 	way:0 	size:64 
5366500: system.cpu.icache: cmd: tag:90 	data:4 224 45 229 12 208 77 226 0 48 160 227 0 192 141 229 36 255 255 235 12 208 141 226 4 240 157 228 1 32 81 226 30 255 47 1 116 0 0 58 1 0 80 225 107 0 0 154 2 0 17 225 108 0 0 10 16 63 111 225 17 47 111 225  	set:63 	way:0 	size:64 
5440000: system.l2: cmd: tag:5 	data:129 0 80 225 2 32 162 224 129 0 64 32 1 0 80 225 2 32 162 224 1 0 64 32 2 0 160 225 30 255 47 225 1 0 160 3 0 0 160 19 30 255 47 225 17 47 111 225 31 32 98 226 48 2 160 225 30 255 47 225 0 0 80 227  	set:710 	way:0 	size:64 
5450500: system.cpu.icache: cmd: tag:91 	data:129 0 80 225 2 32 162 224 129 0 64 32 1 0 80 225 2 32 162 224 1 0 64 32 2 0 160 225 30 255 47 225 1 0 160 3 0 0 160 19 30 255 47 225 17 47 111 225 31 32 98 226 48 2 160 225 30 255 47 225 0 0 80 227  	set:6 	way:1 	size:64 
5456500: system.cpu.dcache: cmd: tag: 15  data: 4  set: 116  way: 0  size:  4 
5526000: system.l2: cmd: tag:0 	data:0 64 160 227 8 128 160 227 4 144 160 225 8 32 160 225 15 176 160 227 8 64 141 229 4 64 141 229 16 48 160 227 12 48 141 229 1 48 160 227 15 160 224 227 16 48 141 229 116 49 159 229 20 32 141 229 0 0 147 229 12 48 157 229  	set:839 	way:0 	size:64 
5536500: system.cpu.icache: cmd: tag:13 	data:0 64 160 227 8 128 160 227 4 144 160 225 8 32 160 225 15 176 160 227 8 64 141 229 4 64 141 229 16 48 160 227 12 48 141 229 1 48 160 227 15 160 224 227 16 48 141 229 116 49 159 229 20 32 141 229 0 0 147 229 12 48 157 229  	set:7 	way:0 	size:64 
5539500: system.cpu.dcache: cmd: tag: 15  data: 8  set: 116  way: 0  size:  4 
5608000: system.l2: cmd: tag:7 	data:82 3 0 0 90 3 0 0 108 1 0 0 168 3 0 0 126 2 0 0 0 8 0 0 112 240 6 0 200 109 9 0 168 92 9 0 0 0 0 0 134 32 173 251 0 0 0 0 0 0 0 0 0 0 0 0 0 0 0 0 0 0 0 0  	set:370 	way:0 	size:64 
5618500: system.cpu.dcache: cmd: tag:14 	data:82 3 0 0 90 3 0 0 108 1 0 0 168 3 0 0 126 2 0 0 0 8 0 0 112 240 6 0 200 109 9 0 168 92 9 0 0 0 0 0 134 32 173 251 0 0 0 0 0 0 0 0 0 0 0 0 0 0 0 0 0 0 0 0  	set:370 	way:0 	size:64 
5688000: system.l2: cmd: tag:0 	data:19 13 128 226 8 0 128 224 9 0 128 224 3 0 128 224 160 103 0 235 62 192 160 227 0 16 160 227 19 13 128 226 11 176 128 224 68 97 159 229 11 160 10 224 20 32 157 229 8 224 138 224 20 16 134 229 16 224 134 229 0 192 134 229  	set:840 	way:0 	size:64 
5698500: system.cpu.icache: cmd: tag:13 	data:19 13 128 226 8 0 128 224 9 0 128 224 3 0 128 224 160 103 0 235 62 192 160 227 0 16 160 227 19 13 128 226 11 176 128 224 68 97 159 229 11 160 10 224 20 32 157 229 8 224 138 224 20 16 134 229 16 224 134 229 0 192 134 229  	set:8 	way:0 	size:64 
5784000: system.l2: cmd: tag:2 	data:12 32 159 229 2 32 159 231 2 16 128 231 3 0 160 225 128 128 189 232 188 223 5 0 112 64 45 233 160 96 159 229 0 80 160 225 0 64 150 229 0 0 84 227 3 0 0 10 144 48 159 229 0 48 147 229 0 0 83 227 4 0 0 10  	set:450 	way:0 	size:64 
5794500: system.cpu.icache: cmd: tag:39 	data:12 32 159 229 2 32 159 231 2 16 128 231 3 0 160 225 128 128 189 232 188 223 5 0 112 64 45 233 160 96 159 229 0 80 160 225 0 64 150 229 0 0 84 227 3 0 0 10 144 48 159 229 0 48 147 229 0 0 83 227 4 0 0 10  	set:2 	way:1 	size:64 
5795500: system.cpu.dcache: cmd: tag: 15  data: 4  set: 116  way: 0  size:  4 
5796500: system.cpu.dcache: cmd: tag: 15  data: 128  set: 116  way: 0  size:  4 
5797500: system.cpu.dcache: cmd: tag: 15  data: 96  set: 116  way: 0  size:  4 
5798500: system.cpu.dcache: cmd: tag: 15  data: 20  set: 116  way: 0  size:  4 
5867000: system.l2: cmd: tag:2 	data:233 255 255 234 96 113 9 0 156 104 9 0 60 223 5 0 32 48 159 229 0 0 147 229 0 0 80 227 30 255 47 17 16 64 45 233 16 48 159 229 28 32 160 227 12 16 159 229 12 0 159 229 62 153 255 235 120 101 9 0 104 8 7 0  	set:453 	way:0 	size:64 
5877500: system.cpu.dcache: cmd: tag:4 	data:233 255 255 234 96 113 9 0 156 104 9 0 60 223 5 0 32 48 159 229 0 0 147 229 0 0 80 227 30 255 47 17 16 64 45 233 16 48 159 229 28 32 160 227 12 16 159 229 12 0 159 229 62 153 255 235 120 101 9 0 104 8 7 0  	set:453 	way:0 	size:64 
5947000: system.l2: cmd: tag:7 	data:0 0 0 0 0 0 0 0 0 0 0 0 0 0 0 0 0 0 0 0 0 0 0 0 0 0 0 0 0 0 0 0 0 0 0 0 0 0 0 0 0 0 0 0 0 0 0 0 0 0 0 0 0 0 0 0 0 0 0 0 0 0 0 0  	set:453 	way:1 	size:64 
5957500: system.cpu.dcache: cmd: tag:14 	data:0 0 0 0 0 0 0 0 0 0 0 0 0 0 0 0 0 0 0 0 0 0 0 0 0 0 0 0 0 0 0 0 0 0 0 0 0 0 0 0 0 0 0 0 0 0 0 0 0 0 0 0 0 0 0 0 0 0 0 0 0 0 0 0  	set:453 	way:1 	size:64 
6027000: system.l2: cmd: tag:2 	data:0 0 160 227 156 136 0 235 0 0 80 227 0 64 150 165 19 0 0 186 0 0 85 227 11 0 0 10 19 0 0 218 5 0 116 225 1 48 160 35 0 48 160 51 0 0 83 227 7 0 0 10 241 152 255 235 12 32 160 227 0 64 224 227  	set:451 	way:0 	size:64 
6037500: system.cpu.icache: cmd: tag:39 	data:0 0 160 227 156 136 0 235 0 0 80 227 0 64 150 165 19 0 0 186 0 0 85 227 11 0 0 10 19 0 0 218 5 0 116 225 1 48 160 35 0 48 160 51 0 0 83 227 7 0 0 10 241 152 255 235 12 32 160 227 0 64 224 227  	set:3 	way:1 	size:64 
6134000: system.l2: cmd: tag:4 	data:8 0 0 26 40 208 141 226 176 128 189 232 107 16 255 235 32 48 159 229 0 32 100 226 3 48 159 231 0 64 224 227 3 32 128 231 241 255 255 234 226 125 255 235 152 75 9 0 1 84 0 0 15 16 0 0 40 189 3 0 128 64 45 233  	set:588 	way:1 	size:64 
6144500: system.cpu.icache: cmd: tag:73 	data:8 0 0 26 40 208 141 226 176 128 189 232 107 16 255 235 32 48 159 229 0 32 100 226 3 48 159 231 0 64 224 227 3 32 128 231 241 255 255 234 226 125 255 235 152 75 9 0 1 84 0 0 15 16 0 0 40 189 3 0 128 64 45 233  	set:12 	way:1 	size:64 
6145500: system.cpu.dcache: cmd: tag: 15  data: 88  set: 116  way: 0  size:  4 
6146500: system.cpu.dcache: cmd: tag: 15  data: 200  set: 116  way: 0  size:  4 
6214000: system.l2: cmd: tag:4 	data:0 32 160 225 45 112 160 227 0 0 0 239 1 10 112 227 0 48 160 225 6 0 0 138 92 16 159 229 0 0 82 225 0 0 129 229 0 48 160 147 12 0 0 138 3 0 160 225 128 128 189 232 81 16 255 235 64 32 159 229 0 48 99 226  	set:589 	way:1 	size:64 
6224500: system.cpu.icache: cmd: tag:73 	data:0 32 160 225 45 112 160 227 0 0 0 239 1 10 112 227 0 48 160 225 6 0 0 138 92 16 159 229 0 0 82 225 0 0 129 229 0 48 160 147 12 0 0 138 3 0 160 225 128 128 189 232 81 16 255 235 64 32 159 229 0 48 99 226  	set:13 	way:1 	size:64 
6298000: system.l2: cmd: tag:4 	data:2 32 159 231 0 192 224 227 2 48 128 231 0 48 160 227 36 16 159 229 3 0 160 225 0 192 129 229 128 128 189 232 70 16 255 235 12 16 160 227 20 32 159 229 0 48 224 227 2 32 159 231 2 16 128 231 235 255 255 234 96 113 9 0  	set:590 	way:1 	size:64 
6308500: system.cpu.dcache: cmd: tag:9 	data:2 32 159 231 0 192 224 227 2 48 128 231 0 48 160 227 36 16 159 229 3 0 160 225 0 192 129 229 128 128 189 232 70 16 255 235 12 16 160 227 20 32 159 229 0 48 224 227 2 32 159 231 2 16 128 231 235 255 255 234 96 113 9 0  	set:78 	way:0 	size:64 
6311500: system.cpu.dcache: cmd: tag: 14  data: 0  set: 453  way: 1  size:  4 
6396000: system.l2: cmd: tag:2 	data:68 48 159 229 3 48 159 231 3 32 128 231 4 0 160 225 112 128 189 232 5 0 132 224 135 136 0 235 0 0 80 227 249 255 255 170 0 64 224 227 4 0 160 225 112 128 189 232 0 48 101 226 3 0 84 225 0 48 160 35 1 48 160 51  	set:452 	way:0 	size:64 
6406500: system.cpu.icache: cmd: tag:39 	data:68 48 159 229 3 48 159 231 3 32 128 231 4 0 160 225 112 128 189 232 5 0 132 224 135 136 0 235 0 0 80 227 249 255 255 170 0 64 224 227 4 0 160 225 112 128 189 232 0 48 101 226 3 0 84 225 0 48 160 35 1 48 160 51  	set:4 	way:1 	size:64 
6409500: system.cpu.dcache: cmd: tag: 15  data: 88  set: 116  way: 0  size:  4 
6410500: system.cpu.dcache: cmd: tag: 15  data: 28  set: 116  way: 0  size:  4 
6421500: system.cpu.dcache: cmd: tag: 14  data: 8  set: 453  way: 1  size:  4 
6511000: system.l2: cmd: tag:7 	data:0 0 0 0 0 0 0 0 0 0 0 0 0 0 0 0 0 0 0 0 0 0 0 0 0 0 0 0 0 0 0 0 0 0 0 0 0 0 0 0 0 0 0 0 0 0 0 0 0 0 0 0 0 0 0 0 0 0 0 0 0 0 0 0  	set:524 	way:0 	size:64 
6521500: system.cpu.dcache: cmd: tag:15 	data:0 0 0 0 0 0 0 0 0 0 0 0 0 0 0 0 0 0 0 0 0 0 0 0 0 0 0 0 0 0 0 0 0 0 0 0 0 0 0 0 0 0 0 0 0 0 0 0 0 0 0 0 0 0 0 0 0 0 0 0 0 0 0 0  	set:12 	way:0 	size:64 
6521500: system.cpu.dcache: cmd: tag: 15  data: 0  set: 12  way: 0  size:  4 
6523500: system.cpu.dcache: cmd: tag: 15  data: 200  set: 12  way: 0  size:  4 
6525500: system.cpu.dcache: cmd: tag: 15  data: 62  set: 12  way: 0  size:  4 
6593000: system.l2: cmd: tag:0 	data:60 34 133 229 14 0 160 225 4 32 157 229 8 16 157 229 8 96 134 226 185 94 0 235 20 113 159 229 0 96 138 229 10 0 160 225 0 0 0 239 1 10 112 227 1 0 0 154 0 1 159 229 189 40 0 235 1 16 160 227 64 0 160 227  	set:841 	way:0 	size:64 
6603500: system.cpu.icache: cmd: tag:13 	data:60 34 133 229 14 0 160 225 4 32 157 229 8 16 157 229 8 96 134 226 185 94 0 235 20 113 159 229 0 96 138 229 10 0 160 225 0 0 0 239 1 10 112 227 1 0 0 154 0 1 159 229 189 40 0 235 1 16 160 227 64 0 160 227  	set:9 	way:0 	size:64 
6671000: system.l2: cmd: tag:7 	data:0 0 0 0 0 0 0 0 0 0 0 0 0 0 0 0 0 0 0 0 0 0 0 0 0 0 0 0 0 0 0 0 0 0 0 0 0 0 0 0 0 0 0 0 0 0 0 0 0 0 0 0 0 0 0 0 0 0 0 0 0 0 0 0  	set:414 	way:0 	size:64 
6681500: system.cpu.dcache: cmd: tag:14 	data:0 0 0 0 0 0 0 0 0 0 0 0 0 0 0 0 0 0 0 0 0 0 0 0 0 0 0 0 0 0 0 0 0 0 0 0 0 0 0 0 0 0 0 0 0 0 0 0 0 0 0 0 0 0 0 0 0 0 0 0 0 0 0 0  	set:414 	way:0 	size:64 
6681500: system.cpu.dcache: cmd: tag: 14  data: 8  set: 414  way: 0  size:  4 
6770000: system.l2: cmd: tag:2 	data:17 64 45 233 4 32 82 226 33 0 0 186 3 192 16 226 39 0 0 26 3 192 17 226 49 0 0 26 28 32 82 226 224 1 45 233 3 0 0 186 248 81 177 232 32 32 82 226 248 81 160 232 251 255 255 170 28 192 18 226 32 192 108 226  	set:309 	way:0 	size:64 
6780500: system.cpu.icache: cmd: tag:36 	data:17 64 45 233 4 32 82 226 33 0 0 186 3 192 16 226 39 0 0 26 3 192 17 226 49 0 0 26 28 32 82 226 224 1 45 233 3 0 0 186 248 81 177 232 32 32 82 226 248 81 160 232 251 255 255 170 28 192 18 226 32 192 108 226  	set:53 	way:0 	size:64 
6781500: system.l2: cmd: tag: 2  data: 0  set: 565  way: 0  size:  64 
6781500: system.cpu.dcache: cmd: tag: 15  data: 200  set: 116  way: 0  size:  4 
6782500: system.cpu.dcache: cmd: tag: 15  data: 4  set: 116  way: 0  size:  4 
6783500: system.cpu.dcache: cmd: tag: 15  data: 88  set: 116  way: 0  size:  4 
6792500: system.cpu.dcache: cmd: tag: 15  data: 128  set: 116  way: 0  size:  4 
6793500: system.cpu.dcache: cmd: tag: 15  data: 40  set: 116  way: 0  size:  4 
6794500: system.cpu.dcache: cmd: tag: 15  data: 88  set: 116  way: 0  size:  4 
6795500: system.cpu.dcache: cmd: tag: 15  data: 8  set: 116  way: 0  size:  4 
6866000: system.l2: cmd: tag:2 	data:12 240 143 16 17 0 0 234 0 0 160 225 4 48 145 228 4 64 145 228 4 80 145 228 4 96 145 228 4 112 145 228 4 128 145 228 4 224 145 228 12 240 143 224 0 0 160 225 0 0 160 225 4 48 128 228 4 64 128 228 4 80 128 228  	set:310 	way:0 	size:64 
6876500: system.cpu.icache: cmd: tag:36 	data:12 240 143 16 17 0 0 234 0 0 160 225 4 48 145 228 4 64 145 228 4 80 145 228 4 96 145 228 4 112 145 228 4 128 145 228 4 224 145 228 12 240 143 224 0 0 160 225 0 0 160 225 4 48 128 228 4 64 128 228 4 80 128 228  	set:54 	way:0 	size:64 
6945000: system.l2: cmd: tag:7 	data:0 0 0 0 0 0 0 0 0 0 0 0 0 0 0 0 0 0 0 0 0 0 0 0 0 0 0 0 0 0 0 0 0 0 0 0 0 0 0 0 0 0 0 0 0 0 0 0 0 0 0 0 0 0 0 0 0 0 0 0 32 106 9 0  	set:301 	way:0 	size:64 
6955500: system.cpu.dcache: cmd: tag:14 	data:0 0 0 0 0 0 0 0 0 0 0 0 0 0 0 0 0 0 0 0 0 0 0 0 0 0 0 0 0 0 0 0 0 0 0 0 0 0 0 0 0 0 0 0 0 0 0 0 0 0 0 0 0 0 0 0 0 0 0 0 32 106 9 0  	set:301 	way:0 	size:64 
7024000: system.l2: cmd: tag:7 	data:32 106 9 0 48 106 9 0 36 106 9 0 228 5 1 0 160 5 1 0 176 1 1 0 0 0 0 0 0 0 0 0 180 9 7 0 0 0 0 0 0 0 0 0 0 0 0 0 0 0 0 128 255 255 255 255 255 255 255 127 0 0 0 0  	set:302 	way:0 	size:64 
7034500: system.cpu.dcache: cmd: tag:14 	data:32 106 9 0 48 106 9 0 36 106 9 0 228 5 1 0 160 5 1 0 176 1 1 0 0 0 0 0 0 0 0 0 180 9 7 0 0 0 0 0 0 0 0 0 0 0 0 0 0 0 0 128 255 255 255 255 255 255 255 127 0 0 0 0  	set:302 	way:0 	size:64 
7107000: system.l2: cmd: tag:2 	data:4 96 128 228 4 112 128 228 4 128 128 228 4 224 128 228 224 1 189 232 130 47 176 225 1 48 209 20 1 64 209 36 0 192 209 37 1 48 192 20 1 64 192 36 0 192 192 37 17 128 189 232 4 192 108 226 2 0 92 227 1 48 209 196  	set:311 	way:0 	size:64 
7117500: system.cpu.icache: cmd: tag:36 	data:4 96 128 228 4 112 128 228 4 128 128 228 4 224 128 228 224 1 189 232 130 47 176 225 1 48 209 20 1 64 209 36 0 192 209 37 1 48 192 20 1 64 192 36 0 192 192 37 17 128 189 232 4 192 108 226 2 0 92 227 1 48 209 196  	set:55 	way:1 	size:64 
7213000: system.l2: cmd: tag:7 	data:0 0 0 0 0 0 0 0 0 0 0 0 0 0 0 0 0 0 0 0 0 0 0 0 0 0 0 0 0 0 0 0 0 0 0 0 0 0 0 0 0 0 0 0 0 0 0 0 0 0 0 0 0 0 0 0 0 0 0 0 0 0 0 0  	set:723 	way:0 	size:64 
7223500: system.cpu.dcache: cmd: tag:15 	data:0 0 0 0 0 0 0 0 0 0 0 0 0 0 0 0 0 0 0 0 0 0 0 0 0 0 0 0 0 0 0 0 0 0 0 0 0 0 0 0 0 0 0 0 0 0 0 0 0 0 0 0 0 0 0 0 0 0 0 0 0 0 0 0  	set:211 	way:0 	size:64 
7223500: system.cpu.dcache: cmd: tag: 15  data: 32  set: 211  way: 0  size:  4 
7225500: system.cpu.dcache: cmd: tag: 15  data: 32  set: 211  way: 0  size:  4 
7227500: system.cpu.dcache: cmd: tag: 15  data: 48  set: 211  way: 0  size:  4 
7229500: system.cpu.dcache: cmd: tag: 15  data: 36  set: 211  way: 0  size:  4 
7246500: system.cpu.dcache: cmd: tag: 15  data: 40  set: 211  way: 0  size:  4 
7320000: system.l2: cmd: tag:0 	data:8 32 157 229 240 192 159 229 40 34 133 229 4 32 157 229 0 0 84 227 48 146 133 229 52 66 133 229 4 144 137 16 44 34 133 229 64 18 133 229 208 32 159 229 0 16 140 229 16 64 157 229 200 16 159 229 1 144 73 18 0 0 130 229  	set:842 	way:0 	size:64 
7330500: system.cpu.icache: cmd: tag:13 	data:8 32 157 229 240 192 159 229 40 34 133 229 4 32 157 229 0 0 84 227 48 146 133 229 52 66 133 229 4 144 137 16 44 34 133 229 64 18 133 229 208 32 159 229 0 16 140 229 16 64 157 229 200 16 159 229 1 144 73 18 0 0 130 229  	set:10 	way:0 	size:64 
7335500: system.cpu.dcache: cmd: tag: 14  data: 124  set: 414  way: 0  size:  4 
7340500: system.cpu.dcache: cmd: tag: 14  data: 48  set: 414  way: 0  size:  4 
7342500: system.cpu.dcache: cmd: tag: 14  data: 4  set: 414  way: 0  size:  4 
7345500: system.cpu.dcache: cmd: tag: 14  data: 16  set: 414  way: 0  size:  4 
7414000: system.l2: cmd: tag:7 	data:0 0 0 0 0 0 0 0 0 0 0 0 0 0 0 0 1 0 0 0 0 0 0 0 1 0 0 0 7 0 0 0 0 0 0 0 0 0 0 0 0 0 0 0 1 0 0 0 0 0 0 0 0 0 0 0 0 0 0 0 0 0 0 0  	set:415 	way:0 	size:64 
7424500: system.cpu.dcache: cmd: tag:14 	data:0 0 0 0 0 0 0 0 0 0 0 0 0 0 0 0 1 0 0 0 0 0 0 0 1 0 0 0 7 0 0 0 0 0 0 0 0 0 0 0 0 0 0 0 1 0 0 0 0 0 0 0 0 0 0 0 0 0 0 0 0 0 0 0  	set:415 	way:0 	size:64 
7424500: system.cpu.dcache: cmd: tag: 14  data: 1  set: 415  way: 0  size:  4 
7493000: system.l2: cmd: tag:0 	data:252 106 9 0 32 133 9 0 20 131 9 0 44 133 9 0 24 131 9 0 4 224 45 229 0 48 160 225 71 0 0 235 0 32 144 229 4 48 147 229 8 0 146 229 3 0 128 224 4 240 157 228 240 71 45 233 132 144 159 229 132 80 159 229  	set:846 	way:0 	size:64 
7503500: system.cpu.dcache: cmd: tag:1 	data:252 106 9 0 32 133 9 0 20 131 9 0 44 133 9 0 24 131 9 0 4 224 45 229 0 48 160 225 71 0 0 235 0 32 144 229 4 48 147 229 8 0 146 229 3 0 128 224 4 240 157 228 240 71 45 233 132 144 159 229 132 80 159 229  	set:334 	way:0 	size:64 
7505500: system.cpu.dcache: cmd: tag: 15  data: 1  set: 12  way: 0  size:  4 
7579000: system.l2: cmd: tag:7 	data:192 99 6 0 204 99 6 0 196 100 6 0 180 101 6 0 0 0 0 0 0 0 0 0 0 0 0 0 0 0 0 0 0 0 0 0 0 0 0 0 0 0 0 0 0 0 0 0 0 0 0 0 0 0 0 0 0 0 0 0 0 0 0 0  	set:427 	way:0 	size:64 
7589500: system.cpu.dcache: cmd: tag:14 	data:192 99 6 0 204 99 6 0 196 100 6 0 180 101 6 0 0 0 0 0 0 0 0 0 0 0 0 0 0 0 0 0 0 0 0 0 0 0 0 0 0 0 0 0 0 0 0 0 0 0 0 0 0 0 0 0 0 0 0 0 0 0 0 0  	set:427 	way:0 	size:64 
7589500: system.cpu.dcache: cmd: tag: 14  data: 64  set: 427  way: 0  size:  4 
7657000: system.l2: cmd: tag:0 	data:20 80 130 229 0 32 129 229 9 0 160 225 4 16 160 225 65 55 1 235 4 48 160 225 144 131 35 224 3 0 160 225 1 224 160 227 128 48 159 229 152 16 159 229 0 32 147 229 0 0 129 229 15 32 130 226 0 32 130 224 15 32 194 227  	set:843 	way:0 	size:64 
7667500: system.cpu.icache: cmd: tag:13 	data:20 80 130 229 0 32 129 229 9 0 160 225 4 16 160 225 65 55 1 235 4 48 160 225 144 131 35 224 3 0 160 225 1 224 160 227 128 48 159 229 152 16 159 229 0 32 147 229 0 0 129 229 15 32 130 226 0 32 130 224 15 32 194 227  	set:11 	way:0 	size:64 
7735000: system.l2: cmd: tag:7 	data:0 0 0 0 0 0 0 0 0 0 0 0 0 0 0 0 0 0 0 0 0 0 0 0 0 0 0 0 0 0 0 0 0 0 0 0 0 0 0 0 0 0 0 0 0 0 0 0 0 0 0 0 0 0 0 0 0 0 0 0 0 0 0 0  	set:428 	way:0 	size:64 
7745500: system.cpu.dcache: cmd: tag:14 	data:0 0 0 0 0 0 0 0 0 0 0 0 0 0 0 0 0 0 0 0 0 0 0 0 0 0 0 0 0 0 0 0 0 0 0 0 0 0 0 0 0 0 0 0 0 0 0 0 0 0 0 0 0 0 0 0 0 0 0 0 0 0 0 0  	set:428 	way:0 	size:64 
7745500: system.cpu.dcache: cmd: tag: 14  data: 128  set: 428  way: 0  size:  4 
7814000: system.l2: cmd: tag:7 	data:0 0 0 0 0 0 0 0 0 0 0 0 0 0 0 0 0 0 0 0 0 0 0 0 0 0 0 0 0 0 0 0 0 0 0 0 0 0 0 0 0 0 0 0 0 0 0 0 0 0 0 0 0 0 0 0 0 0 0 0 0 0 0 0  	set:532 	way:0 	size:64 
7824500: system.cpu.dcache: cmd: tag:15 	data:0 0 0 0 0 0 0 0 0 0 0 0 0 0 0 0 0 0 0 0 0 0 0 0 0 0 0 0 0 0 0 0 0 0 0 0 0 0 0 0 0 0 0 0 0 0 0 0 0 0 0 0 0 0 0 0 0 0 0 0 0 0 0 0  	set:20 	way:1 	size:64 
7824500: system.cpu.dcache: cmd: tag: 15  data: 252  set: 20  way: 1  size:  4 
7850500: system.cpu.dcache: cmd: tag: 15  data: 56  set: 12  way: 0  size:  4 
8123000: system.l2: cmd: tag:0 	data:132 192 159 229 132 16 159 229 0 32 131 229 12 48 157 229 0 224 140 229 0 48 129 229 28 208 141 226 240 143 189 232 8 128 160 227 3 64 160 225 8 48 141 229 4 48 141 229 3 144 160 225 8 32 160 225 15 176 160 227 166 255 255 234  	set:844 	way:0 	size:64 
8133500: system.cpu.icache: cmd: tag:13 	data:132 192 159 229 132 16 159 229 0 32 131 229 12 48 157 229 0 224 140 229 0 48 129 229 28 208 141 226 240 143 189 232 8 128 160 227 3 64 160 225 8 48 141 229 4 48 141 229 3 144 160 225 8 32 160 225 15 176 160 227 166 255 255 234  	set:12 	way:0 	size:64 
8134500: system.l2: cmd: tag: 2  data: 48  set: 588  way: 0  size:  64 
8138500: system.cpu.dcache: cmd: tag: 14  data: 64  set: 370  way: 0  size:  4 
8142500: system.cpu.dcache: cmd: tag: 15  data: 1  set: 20  way: 1  size:  4 
8144500: system.cpu.dcache: cmd: tag: 15  data: 16  set: 12  way: 0  size:  4 
8242000: system.l2: cmd: tag:7 	data:0 0 0 0 0 0 0 0 0 0 0 0 0 0 0 0 0 0 0 0 0 0 0 118 55 49 0 116 101 115 116 115 47 116 101 115 116 45 112 114 111 103 115 47 83 80 69 67 95 66 101 110 99 104 109 97 114 107 115 47 98 122 105 112  	set:637 	way:0 	size:64 
8252500: system.cpu.dcache: cmd: tag:15 	data:0 0 0 0 0 0 0 0 0 0 0 0 0 0 0 0 0 0 0 0 0 0 0 118 55 49 0 116 101 115 116 115 47 116 101 115 116 45 112 114 111 103 115 47 83 80 69 67 95 66 101 110 99 104 109 97 114 107 115 47 98 122 105 112  	set:125 	way:0 	size:64 
8331000: system.l2: cmd: tag:0 	data:152 75 9 0 0 0 0 0 216 79 9 0 0 0 0 0 188 133 9 0 255 1 3 0 88 239 6 0 112 239 6 0 240 64 45 233 1 64 160 225 108 208 77 226 1 16 160 227 0 80 160 225 112 101 0 235 1 0 112 227 1 0 0 10  	set:832 	way:0 	size:64 
8341500: system.cpu.dcache: cmd: tag:1 	data:152 75 9 0 0 0 0 0 216 79 9 0 0 0 0 0 188 133 9 0 255 1 3 0 88 239 6 0 112 239 6 0 240 64 45 233 1 64 160 225 108 208 77 226 1 16 160 227 0 80 160 225 112 101 0 235 1 0 112 227 1 0 0 10  	set:320 	way:0 	size:64 
8410000: system.l2: cmd: tag:0 	data:0 48 130 229 91 0 0 10 244 49 159 229 0 0 83 227 0 0 0 10 0 0 160 225 4 32 160 227 216 49 159 229 16 0 141 226 0 16 147 229 2 16 129 224 195 95 0 235 52 17 157 229 16 32 157 229 192 49 159 229 0 0 81 227  	set:824 	way:0 	size:64 
8420500: system.cpu.icache: cmd: tag:12 	data:0 48 130 229 91 0 0 10 244 49 159 229 0 0 83 227 0 0 0 10 0 0 160 225 4 32 160 227 216 49 159 229 16 0 141 226 0 16 147 229 2 16 129 224 195 95 0 235 52 17 157 229 16 32 157 229 192 49 159 229 0 0 81 227  	set:56 	way:0 	size:64 
8421500: system.cpu.dcache: cmd: tag: 14  data: 0  set: 302  way: 0  size:  4 
8490000: system.l2: cmd: tag:0 	data:247 255 255 58 4 48 160 225 3 0 85 225 240 255 255 26 1 0 85 227 5 0 0 10 0 32 160 227 1 48 160 227 2 0 160 225 3 112 160 225 0 0 0 239 251 255 255 234 0 0 160 227 227 255 255 234 114 116 0 235 0 0 80 227  	set:829 	way:0 	size:64 
8500500: system.cpu.icache: cmd: tag:12 	data:247 255 255 58 4 48 160 225 3 0 85 225 240 255 255 26 1 0 85 227 5 0 0 10 0 32 160 227 1 48 160 227 2 0 160 225 3 112 160 225 0 0 0 239 251 255 255 234 0 0 160 227 227 255 255 234 114 116 0 235 0 0 80 227  	set:61 	way:0 	size:64 
8582000: system.l2: cmd: tag:2 	data:67 160 0 234 176 133 9 0 48 64 45 233 115 223 77 226 64 0 141 226 185 122 0 235 0 0 80 227 194 32 141 2 35 0 0 26 0 64 160 227 4 0 160 225 0 48 210 229 48 48 67 226 255 16 3 226 9 0 81 227 23 0 0 138  	set:645 	way:0 	size:64 
8592500: system.cpu.icache: cmd: tag:42 	data:67 160 0 234 176 133 9 0 48 64 45 233 115 223 77 226 64 0 141 226 185 122 0 235 0 0 80 227 194 32 141 2 35 0 0 26 0 64 160 227 4 0 160 225 0 48 210 229 48 48 67 226 255 16 3 226 9 0 81 227 23 0 0 138  	set:5 	way:1 	size:64 
8593500: system.cpu.dcache: cmd: tag: 15  data: 180  set: 117  way: 0  size:  4 
8594500: system.cpu.dcache: cmd: tag: 15  data: 88  set: 117  way: 0  size:  4 
8595500: system.cpu.dcache: cmd: tag: 15  data: 124  set: 117  way: 0  size:  4 
8680000: system.l2: cmd: tag:4 	data:4 112 45 229 122 112 160 227 0 0 0 239 4 112 157 228 1 10 112 227 30 255 47 49 172 133 255 234 0 0 0 0 4 112 45 229 199 112 160 227 0 0 0 239 4 112 157 228 30 255 47 225 0 0 0 0 0 0 0 0 0 0 0 0  	set:561 	way:0 	size:64 
8690500: system.cpu.icache: cmd: tag:72 	data:4 112 45 229 122 112 160 227 0 0 0 239 4 112 157 228 1 10 112 227 30 255 47 49 172 133 255 234 0 0 0 0 4 112 45 229 199 112 160 227 0 0 0 239 4 112 157 228 30 255 47 225 0 0 0 0 0 0 0 0 0 0 0 0  	set:49 	way:0 	size:64 
8758000: system.l2: cmd: tag:7 	data:0 0 0 0 0 0 0 0 0 0 0 0 0 0 0 0 0 0 0 0 0 0 0 0 0 0 0 0 0 0 0 0 0 0 0 0 0 0 0 0 0 0 0 0 0 0 0 0 0 0 0 0 0 0 0 0 0 0 0 0 0 0 0 0  	set:622 	way:0 	size:64 
8768500: system.cpu.dcache: cmd: tag:15 	data:0 0 0 0 0 0 0 0 0 0 0 0 0 0 0 0 0 0 0 0 0 0 0 0 0 0 0 0 0 0 0 0 0 0 0 0 0 0 0 0 0 0 0 0 0 0 0 0 0 0 0 0 0 0 0 0 0 0 0 0 0 0 0 0  	set:110 	way:0 	size:64 
8768500: system.cpu.dcache: cmd: tag: 15  data: 88  set: 110  way: 0  size:  4 
8771500: system.cpu.dcache: cmd: tag: 15  data: 0  set: 115  way: 0  size:  64 
8771500: system.l2: cmd: tag: 7  data: 0  set: 627  way: 0  size:  64 
8771500: system.cpu.dcache: cmd: tag: 15  data: 0  set: 116  way: 0  size:  21 
8771500: system.l2: cmd: tag: 7  data: 0  set: 628  way: 0  size:  21 
8848000: system.l2: cmd: tag:7 	data:0 0 0 0 0 0 0 0 0 0 0 0 0 0 0 0 0 0 51 46 48 46 48 0 0 0 0 0 0 0 0 0 0 0 0 0 0 0 0 0 0 0 0 0 0 0 0 0 0 0 0 0 0 0 0 0 0 0 0 0 0 0 0 0  	set:625 	way:0 	size:64 
8858500: system.cpu.dcache: cmd: tag:15 	data:0 0 0 0 0 0 0 0 0 0 0 0 0 0 0 0 0 0 51 46 48 46 48 0 0 0 0 0 0 0 0 0 0 0 0 0 0 0 0 0 0 0 0 0 0 0 0 0 0 0 0 0 0 0 0 0 0 0 0 0 0 0 0 0  	set:113 	way:0 	size:64 
8930000: system.l2: cmd: tag:2 	data:1 192 210 229 1 32 130 226 48 16 76 226 255 224 1 226 9 0 94 227 6 0 0 138 1 192 242 229 3 49 131 224 131 48 129 224 48 16 76 226 255 224 1 226 9 0 94 227 248 255 255 154 46 0 92 227 1 64 132 226 0 4 131 225  	set:646 	way:0 	size:64 
8940500: system.cpu.icache: cmd: tag:42 	data:1 192 210 229 1 32 130 226 48 16 76 226 255 224 1 226 9 0 94 227 6 0 0 138 1 192 242 229 3 49 131 224 131 48 129 224 48 16 76 226 255 224 1 226 9 0 94 227 248 255 255 154 46 0 92 227 1 64 132 226 0 4 131 225  	set:6 	way:0 	size:64 
8941500: system.l2: cmd: tag: 0  data: 8  set: 838  way: 0  size:  64 
9017000: system.l2: cmd: tag:2 	data:1 32 130 226 3 0 0 26 3 0 84 227 230 255 255 26 115 223 141 226 48 128 189 232 3 0 84 227 251 255 255 10 3 64 100 226 132 65 160 225 16 4 160 225 115 223 141 226 48 128 189 232 0 16 160 227 80 0 159 229 180 239 255 235  	set:647 	way:0 	size:64 
9027500: system.cpu.icache: cmd: tag:42 	data:1 32 130 226 3 0 0 26 3 0 84 227 230 255 255 26 115 223 141 226 48 128 189 232 3 0 84 227 251 255 255 10 3 64 100 226 132 65 160 225 16 4 160 225 115 223 141 226 48 128 189 232 0 16 160 227 80 0 159 229 180 239 255 235  	set:7 	way:1 	size:64 
9143000: system.l2: cmd: tag:0 	data:10 0 0 186 132 48 159 229 0 48 147 229 0 0 83 227 8 0 0 26 116 48 159 229 0 0 131 229 112 48 159 229 3 0 80 225 151 255 255 202 104 0 159 229 111 41 0 235 100 0 159 229 109 41 0 235 0 0 83 225 246 255 255 154  	set:830 	way:0 	size:64 
9153500: system.cpu.icache: cmd: tag:12 	data:10 0 0 186 132 48 159 229 0 48 147 229 0 0 83 227 8 0 0 26 116 48 159 229 0 0 131 229 112 48 159 229 3 0 80 225 151 255 255 202 104 0 159 229 111 41 0 235 100 0 159 229 109 41 0 235 0 0 83 225 246 255 255 154  	set:62 	way:0 	size:64 
9163500: system.cpu.dcache: cmd: tag: 15  data: 0  set: 22  way: 0  size:  4 
9252000: system.l2: cmd: tag:1 	data:48 59 0 235 1 0 112 227 0 96 160 225 100 255 255 26 98 255 255 234 87 69 0 235 152 75 9 0 120 101 9 0 184 109 9 0 156 244 6 0 2 9 0 0 176 244 6 0 0 80 160 225 16 64 45 233 16 64 159 229 5 32 160 225  	set:469 	way:0 	size:64 
9262500: system.cpu.icache: cmd: tag:23 	data:48 59 0 235 1 0 112 227 0 96 160 225 100 255 255 26 98 255 255 234 87 69 0 235 152 75 9 0 120 101 9 0 184 109 9 0 156 244 6 0 2 9 0 0 176 244 6 0 0 80 160 225 16 64 45 233 16 64 159 229 5 32 160 225  	set:21 	way:1 	size:64 
9264500: system.cpu.dcache: cmd: tag: 15  data: 180  set: 117  way: 0  size:  4 
9265500: system.cpu.dcache: cmd: tag: 15  data: 176  set: 117  way: 0  size:  4 
9334000: system.l2: cmd: tag:1 	data:4 16 160 225 3 0 160 227 71 255 255 235 250 255 255 234 20 42 8 0 16 48 159 229 0 0 83 227 30 255 47 17 16 64 45 233 4 0 159 229 240 255 255 235 180 146 6 0 188 244 6 0 0 0 81 227 41 0 0 218 1 0 81 227  	set:470 	way:0 	size:64 
9344500: system.cpu.dcache: cmd: tag:2 	data:4 16 160 225 3 0 160 227 71 255 255 235 250 255 255 234 20 42 8 0 16 48 159 229 0 0 83 227 30 255 47 17 16 64 45 233 4 0 159 229 240 255 255 235 180 146 6 0 188 244 6 0 0 0 81 227 41 0 0 218 1 0 81 227  	set:470 	way:0 	size:64 
9359500: system.cpu.icache: cmd: tag:23 	data:4 16 160 225 3 0 160 227 71 255 255 235 250 255 255 234 20 42 8 0 16 48 159 229 0 0 83 227 30 255 47 17 16 64 45 233 4 0 159 229 240 255 255 235 180 146 6 0 188 244 6 0 0 0 81 227 41 0 0 218 1 0 81 227  	set:22 	way:1 	size:64 
9429000: system.l2: cmd: tag:1 	data:231 255 255 234 36 0 157 229 153 43 0 235 233 255 255 234 0 128 224 227 231 255 255 234 6 70 0 235 152 75 9 0 168 53 8 0 4 26 3 0 244 32 3 0 14 0 45 233 240 79 45 233 32 176 141 226 24 208 77 226 148 146 159 229  	set:458 	way:0 	size:64 
9439500: system.cpu.icache: cmd: tag:23 	data:231 255 255 234 36 0 157 229 153 43 0 235 233 255 255 234 0 128 224 227 231 255 255 234 6 70 0 235 152 75 9 0 168 53 8 0 4 26 3 0 244 32 3 0 14 0 45 233 240 79 45 233 32 176 141 226 24 208 77 226 148 146 159 229  	set:10 	way:1 	size:64 
9440500: system.cpu.dcache: cmd: tag: 15  data: 20  set: 117  way: 0  size:  4 
9441500: system.cpu.dcache: cmd: tag: 15  data: 88  set: 117  way: 0  size:  4 
9442500: system.cpu.dcache: cmd: tag: 15  data: 255  set: 117  way: 0  size:  4 
9444500: system.cpu.dcache: cmd: tag: 15  data: 20  set: 116  way: 0  size:  4 
9445500: system.cpu.dcache: cmd: tag: 15  data: 88  set: 116  way: 0  size:  4 
9446500: system.cpu.dcache: cmd: tag: 15  data: 96  set: 116  way: 0  size:  4 
9447500: system.cpu.dcache: cmd: tag: 15  data: 88  set: 116  way: 0  size:  4 
9448500: system.cpu.dcache: cmd: tag: 15  data: 0  set: 117  way: 0  size:  4 
9449500: system.cpu.dcache: cmd: tag: 15  data: 0  set: 117  way: 0  size:  4 
9450500: system.cpu.dcache: cmd: tag: 15  data: 0  set: 117  way: 0  size:  4 
9451500: system.cpu.dcache: cmd: tag: 15  data: 0  set: 117  way: 0  size:  4 
9452500: system.cpu.dcache: cmd: tag: 15  data: 140  set: 117  way: 0  size:  4 
9469500: system.cpu.dcache: cmd: tag:2 	data:48 59 0 235 1 0 112 227 0 96 160 225 100 255 255 26 98 255 255 234 87 69 0 235 152 75 9 0 120 101 9 0 184 109 9 0 156 244 6 0 2 9 0 0 176 244 6 0 0 80 160 225 16 64 45 233 16 64 159 229 5 32 160 225  	set:469 	way:0 	size:64 
9537000: system.l2: cmd: tag:1 	data:8 48 139 226 0 32 153 229 2 0 16 227 0 160 160 225 36 32 11 229 40 48 11 229 4 80 155 229 142 0 0 26 2 96 160 227 0 128 213 229 0 0 88 227 0 64 160 19 4 112 160 17 133 0 0 10 8 48 160 225 5 0 160 225  	set:459 	way:0 	size:64 
9547500: system.cpu.icache: cmd: tag:23 	data:8 48 139 226 0 32 153 229 2 0 16 227 0 160 160 225 36 32 11 229 40 48 11 229 4 80 155 229 142 0 0 26 2 96 160 227 0 128 213 229 0 0 88 227 0 64 160 19 4 112 160 17 133 0 0 10 8 48 160 225 5 0 160 225  	set:11 	way:1 	size:64 
9553500: system.cpu.dcache: cmd: tag: 15  data: 0  set: 116  way: 0  size:  4 
9555500: system.cpu.dcache: cmd: tag: 15  data: 88  set: 116  way: 0  size:  4 
9626000: system.l2: cmd: tag:1 	data:0 16 149 229 5 0 160 225 120 63 0 235 70 235 255 235 1 0 26 227 197 255 255 10 251 255 255 234 64 0 159 229 232 122 0 235 0 0 80 227 2 0 0 10 0 48 208 229 0 0 83 227 105 255 255 26 40 16 159 229 40 0 159 229  	set:468 	way:0 	size:64 
9636500: system.cpu.icache: cmd: tag:23 	data:0 16 149 229 5 0 160 225 120 63 0 235 70 235 255 235 1 0 26 227 197 255 255 10 251 255 255 234 64 0 159 229 232 122 0 235 0 0 80 227 2 0 0 10 0 48 208 229 0 0 83 227 105 255 255 26 40 16 159 229 40 0 159 229  	set:20 	way:0 	size:64 
9734000: system.l2: cmd: tag:3 	data:52 113 9 0 72 112 9 0 20 48 159 229 0 48 147 229 0 0 83 227 0 0 0 26 134 114 255 234 0 0 160 227 30 255 47 225 216 79 9 0 112 64 45 233 2 96 160 225 180 32 159 229 0 0 83 227 176 80 159 229 2 80 160 1  	set:387 	way:0 	size:64 
9744500: system.cpu.icache: cmd: tag:54 	data:52 113 9 0 72 112 9 0 20 48 159 229 0 48 147 229 0 0 83 227 0 0 0 26 134 114 255 234 0 0 160 227 30 255 47 225 216 79 9 0 112 64 45 233 2 96 160 225 180 32 159 229 0 0 83 227 176 80 159 229 2 80 160 1  	set:3 	way:0 	size:64 
9745500: system.l2: cmd: tag: 2  data: 30  set: 643  way: 0  size:  64 
9759000: system.cpu.dcache: cmd: tag:6 	data:52 113 9 0 72 112 9 0 20 48 159 229 0 48 147 229 0 0 83 227 0 0 0 26 134 114 255 234 0 0 160 227 30 255 47 225 216 79 9 0 112 64 45 233 2 96 160 225 180 32 159 229 0 0 83 227 176 80 159 229 2 80 160 1  	set:387 	way:0 	size:64 
9846000: system.l2: cmd: tag:1 	data:203 255 255 10 200 255 255 234 250 87 0 235 152 75 9 0 188 109 9 0 20 38 7 0 252 37 7 0 0 192 160 227 4 224 45 229 12 208 77 226 0 192 141 229 55 255 255 235 12 208 141 226 4 240 157 228 240 71 45 233 0 96 160 225  	set:171 	way:0 	size:64 
9856500: system.cpu.icache: cmd: tag:18 	data:203 255 255 10 200 255 255 234 250 87 0 235 152 75 9 0 188 109 9 0 20 38 7 0 252 37 7 0 0 192 160 227 4 224 45 229 12 208 77 226 0 192 141 229 55 255 255 235 12 208 141 226 4 240 157 228 240 71 45 233 0 96 160 225  	set:43 	way:0 	size:64 
9857500: system.cpu.dcache: cmd: tag: 15  data: 20  set: 115  way: 0  size:  4 
9858500: system.cpu.dcache: cmd: tag: 15  data: 20  set: 115  way: 0  size:  4 
9859500: system.cpu.dcache: cmd: tag: 15  data: 96  set: 116  way: 0  size:  4 
9860500: system.cpu.dcache: cmd: tag: 15  data: 88  set: 116  way: 0  size:  4 
9861500: system.cpu.dcache: cmd: tag: 15  data: 0  set: 116  way: 0  size:  4 
9862500: system.cpu.dcache: cmd: tag: 15  data: 152  set: 116  way: 0  size:  4 
9863500: system.cpu.dcache: cmd: tag: 15  data: 3  set: 116  way: 0  size:  4 
9864500: system.cpu.dcache: cmd: tag: 15  data: 36  set: 116  way: 0  size:  4 
9933000: system.l2: cmd: tag:1 	data:146 67 0 235 244 48 159 229 0 80 147 229 0 0 85 227 56 0 0 10 0 144 214 229 0 0 89 227 51 0 0 10 1 48 214 229 0 64 149 229 0 0 83 227 16 0 0 26 0 0 84 227 61 156 137 227 3 0 0 26 10 0 0 234  	set:172 	way:0 	size:64 
9943500: system.cpu.icache: cmd: tag:18 	data:146 67 0 235 244 48 159 229 0 80 147 229 0 0 85 227 56 0 0 10 0 144 214 229 0 0 89 227 51 0 0 10 1 48 214 229 0 64 149 229 0 0 83 227 16 0 0 26 0 0 84 227 61 156 137 227 3 0 0 26 10 0 0 234  	set:44 	way:0 	size:64 
10025000: system.l2: cmd: tag:2 	data:236 249 7 0 4 224 7 0 192 5 7 0 0 0 0 0 3 16 192 227 4 32 145 228 3 48 16 226 0 0 99 226 4 0 0 10 255 32 130 227 1 48 83 226 255 44 130 195 1 48 83 226 255 40 130 195 255 0 18 227 255 12 18 19  	set:229 	way:0 	size:64 
10035500: system.cpu.icache: cmd: tag:35 	data:236 249 7 0 4 224 7 0 192 5 7 0 0 0 0 0 3 16 192 227 4 32 145 228 3 48 16 226 0 0 99 226 4 0 0 10 255 32 130 227 1 48 83 226 255 44 130 195 1 48 83 226 255 40 130 195 255 0 18 227 255 12 18 19  	set:37 	way:0 	size:64 
10118000: system.l2: cmd: tag:5 	data:112 97 114 116 105 97 108 0 95 73 79 95 119 102 105 108 101 95 117 110 100 101 114 102 108 111 119 0 76 73 66 67 95 70 65 84 65 76 95 83 84 68 69 82 82 95 0 0 47 100 101 118 47 116 116 121 0 0 0 0 70 97 116 97  	set:978 	way:0 	size:64 
10128500: system.cpu.dcache: cmd: tag:11 	data:112 97 114 116 105 97 108 0 95 73 79 95 119 102 105 108 101 95 117 110 100 101 114 102 108 111 119 0 76 73 66 67 95 70 65 84 65 76 95 83 84 68 69 82 82 95 0 0 47 100 101 118 47 116 116 121 0 0 0 0 70 97 116 97  	set:466 	way:0 	size:64 
10201000: system.l2: cmd: tag:2 	data:255 8 18 19 255 4 18 19 4 0 128 18 4 32 145 20 248 255 255 26 255 0 18 227 1 0 128 18 255 12 18 19 1 0 128 18 255 8 18 19 1 0 128 18 30 255 47 225 3 0 82 227 112 64 45 233 44 0 0 154 4 192 128 226  	set:230 	way:0 	size:64 
10211500: system.cpu.icache: cmd: tag:35 	data:255 8 18 19 255 4 18 19 4 0 128 18 4 32 145 20 248 255 255 26 255 0 18 227 1 0 128 18 255 12 18 19 1 0 128 18 255 8 18 19 1 0 128 18 30 255 47 225 3 0 82 227 112 64 45 233 44 0 0 154 4 192 128 226  	set:38 	way:0 	size:64 
10323000: system.l2: cmd: tag:1 	data:72 112 9 0 128 72 45 233 4 195 159 229 20 208 77 226 0 0 92 227 12 32 141 229 12 32 160 1 1 32 160 19 2 0 19 225 4 0 141 229 8 16 141 229 175 0 0 26 224 178 159 229 224 162 159 229 1 16 160 227 11 32 160 225  	set:176 	way:0 	size:64 
10333500: system.cpu.dcache: cmd: tag:2 	data:72 112 9 0 128 72 45 233 4 195 159 229 20 208 77 226 0 0 92 227 12 32 141 229 12 32 160 1 1 32 160 19 2 0 19 225 4 0 141 229 8 16 141 229 175 0 0 26 224 178 159 229 224 162 159 229 1 16 160 227 11 32 160 225  	set:176 	way:0 	size:64 
10415000: system.l2: cmd: tag:1 	data:4 64 181 229 0 0 84 227 7 0 0 10 1 32 212 229 0 48 212 229 2 52 131 225 3 56 160 225 67 56 160 225 3 0 89 225 245 255 255 26 2 64 132 226 4 0 160 225 240 135 189 232 3 148 137 225 9 152 160 225 0 0 84 227  	set:173 	way:0 	size:64 
10425500: system.cpu.icache: cmd: tag:18 	data:4 64 181 229 0 0 84 227 7 0 0 10 1 32 212 229 0 48 212 229 2 52 131 225 3 56 160 225 67 56 160 225 3 0 89 225 245 255 255 26 2 64 132 226 4 0 160 225 240 135 189 232 3 148 137 225 9 152 160 225 0 0 84 227  	set:45 	way:0 	size:64 
10495000: system.l2: cmd: tag:1 	data:0 112 160 225 73 152 160 225 2 96 134 226 2 128 64 226 3 0 0 26 244 255 255 234 4 64 181 229 0 0 84 227 241 255 255 10 1 32 212 229 0 48 212 229 2 52 131 225 3 56 160 225 67 56 160 225 3 0 89 225 245 255 255 26  	set:174 	way:0 	size:64 
10505500: system.cpu.icache: cmd: tag:18 	data:0 112 160 225 73 152 160 225 2 96 134 226 2 128 64 226 3 0 0 26 244 255 255 234 4 64 181 229 0 0 84 227 241 255 255 10 1 32 212 229 0 48 212 229 2 52 131 225 3 56 160 225 67 56 160 225 3 0 89 225 245 255 255 26  	set:46 	way:0 	size:64 
10605000: system.l2: cmd: tag:2 	data:128 238 5 0 100 238 5 0 14 0 45 233 144 64 45 233 144 64 159 229 8 208 77 226 20 32 157 229 0 192 148 229 64 48 18 226 0 16 160 225 4 192 141 229 17 0 0 26 116 0 159 229 2 0 208 225 14 0 0 10 99 0 224 227  	set:392 	way:0 	size:64 
10615500: system.cpu.icache: cmd: tag:38 	data:128 238 5 0 100 238 5 0 14 0 45 233 144 64 45 233 144 64 159 229 8 208 77 226 20 32 157 229 0 192 148 229 64 48 18 226 0 16 160 225 4 192 141 229 17 0 0 26 116 0 159 229 2 0 208 225 14 0 0 10 99 0 224 227  	set:8 	way:1 	size:64 
10616500: system.cpu.dcache: cmd: tag: 15  data: 2  set: 116  way: 0  size:  4 
10617500: system.cpu.dcache: cmd: tag: 15  data: 82  set: 116  way: 0  size:  4 
10618500: system.cpu.dcache: cmd: tag: 15  data: 73  set: 116  way: 0  size:  4 
10620500: system.cpu.dcache: cmd: tag: 15  data: 20  set: 116  way: 0  size:  4 
10621500: system.cpu.dcache: cmd: tag: 15  data: 88  set: 116  way: 0  size:  4 
10622500: system.cpu.dcache: cmd: tag: 15  data: 68  set: 116  way: 0  size:  4 
10691000: system.l2: cmd: tag:2 	data:0 0 141 229 236 255 255 234 140 156 255 235 32 32 159 229 0 16 99 226 2 32 159 231 0 48 224 227 2 16 128 231 235 255 255 234 3 10 0 235 152 75 9 0 0 64 64 0 66 1 0 0 172 237 5 0 164 48 159 229 240 65 45 233  	set:394 	way:0 	size:64 
10701500: system.cpu.dcache: cmd: tag:4 	data:0 0 141 229 236 255 255 234 140 156 255 235 32 32 159 229 0 16 99 226 2 32 159 231 0 48 224 227 2 16 128 231 235 255 255 234 3 10 0 235 152 75 9 0 0 64 64 0 66 1 0 0 172 237 5 0 164 48 159 229 240 65 45 233  	set:394 	way:0 	size:64 
10710500: system.cpu.dcache: cmd: tag: 15  data: 0  set: 115  way: 0  size:  4 
10784000: system.l2: cmd: tag:2 	data:104 112 159 229 0 0 0 239 1 10 112 227 0 48 160 225 12 0 0 138 4 16 157 229 0 32 148 229 3 0 160 225 2 0 81 225 14 0 0 26 8 208 141 226 144 64 189 232 12 208 141 226 30 255 47 225 24 0 141 226 24 48 157 229  	set:393 	way:0 	size:64 
10794500: system.cpu.icache: cmd: tag:38 	data:104 112 159 229 0 0 0 239 1 10 112 227 0 48 160 225 12 0 0 138 4 16 157 229 0 32 148 229 3 0 160 225 2 0 81 225 14 0 0 26 8 208 141 226 144 64 189 232 12 208 141 226 30 255 47 225 24 0 141 226 24 48 157 229  	set:9 	way:1 	size:64 
